  3D_function.cpp
C:\dxlib\DxLib.h(1,1): warning C4819: ファイルは、現在のコード ページ (932) で表示できない文字を含んでいます。データの損失を防ぐために、ファイルを Unicode 形式で保存してください。
  (ソース ファイル '3D_function.cpp' をコンパイルしています)
  
C:\dxlib\DxCompileConfig.h(1,1): warning C4819: ファイルは、現在のコード ページ (932) で表示できない文字を含んでいます。データの損失を防ぐために、ファイルを Unicode 形式で保存してください。
  (ソース ファイル '3D_function.cpp' をコンパイルしています)
  
C:\dxlib\DxDataType.h(1,1): warning C4819: ファイルは、現在のコード ページ (932) で表示できない文字を含んでいます。データの損失を防ぐために、ファイルを Unicode 形式で保存してください。
  (ソース ファイル '3D_function.cpp' をコンパイルしています)
  
C:\dxlib\DxCompileConfig.h(1,1): warning C4819: ファイルは、現在のコード ページ (932) で表示できない文字を含んでいます。データの損失を防ぐために、ファイルを Unicode 形式で保存してください。
  (ソース ファイル '3D_function.cpp' をコンパイルしています)
  
C:\dxlib\DxDataTypeWin.h(1,1): warning C4819: ファイルは、現在のコード ページ (932) で表示できない文字を含んでいます。データの損失を防ぐために、ファイルを Unicode 形式で保存してください。
  (ソース ファイル '3D_function.cpp' をコンパイルしています)
  
C:\dxlib\DxCompileConfig.h(1,1): warning C4819: ファイルは、現在のコード ページ (932) で表示できない文字を含んでいます。データの損失を防ぐために、ファイルを Unicode 形式で保存してください。
  (ソース ファイル '3D_function.cpp' をコンパイルしています)
  
C:\dxlib\DxDataTypeWin.h(443,1): warning C4819: ファイルは、現在のコード ページ (932) で表示できない文字を含んでいます。データの損失を防ぐために、ファイルを Unicode 形式で保存してください。
  (ソース ファイル '3D_function.cpp' をコンパイルしています)
  
C:\dxlib\DxDataTypeWin.h(1089,1): warning C4819: ファイルは、現在のコード ページ (932) で表示できない文字を含んでいます。データの損失を防ぐために、ファイルを Unicode 形式で保存してください。
  (ソース ファイル '3D_function.cpp' をコンパイルしています)
  
C:\dxlib\DxLib.h(406,1): warning C4819: ファイルは、現在のコード ページ (932) で表示できない文字を含んでいます。データの損失を防ぐために、ファイルを Unicode 形式で保存してください。
  (ソース ファイル '3D_function.cpp' をコンパイルしています)
  
C:\dxlib\DxLib.h(803,1): warning C4819: ファイルは、現在のコード ページ (932) で表示できない文字を含んでいます。データの損失を防ぐために、ファイルを Unicode 形式で保存してください。
  (ソース ファイル '3D_function.cpp' をコンパイルしています)
  
C:\dxlib\DxLib.h(1328,1): warning C4819: ファイルは、現在のコード ページ (932) で表示できない文字を含んでいます。データの損失を防ぐために、ファイルを Unicode 形式で保存してください。
  (ソース ファイル '3D_function.cpp' をコンパイルしています)
  
C:\dxlib\DxLib.h(1842,1): warning C4819: ファイルは、現在のコード ページ (932) で表示できない文字を含んでいます。データの損失を防ぐために、ファイルを Unicode 形式で保存してください。
  (ソース ファイル '3D_function.cpp' をコンパイルしています)
  
C:\dxlib\DxFunctionWin.h(1,1): warning C4819: ファイルは、現在のコード ページ (932) で表示できない文字を含んでいます。データの損失を防ぐために、ファイルを Unicode 形式で保存してください。
  (ソース ファイル '3D_function.cpp' をコンパイルしています)
  
C:\dxlib\DxFunctionWin.h(155,1): warning C4819: ファイルは、現在のコード ページ (932) で表示できない文字を含んでいます。データの損失を防ぐために、ファイルを Unicode 形式で保存してください。
  (ソース ファイル '3D_function.cpp' をコンパイルしています)
  
C:\dxlib\DxFunctionWin.h(337,1): warning C4819: ファイルは、現在のコード ページ (932) で表示できない文字を含んでいます。データの損失を防ぐために、ファイルを Unicode 形式で保存してください。
  (ソース ファイル '3D_function.cpp' をコンパイルしています)
  
C:\dxlib\DxLib.h(2183,1): warning C4819: ファイルは、現在のコード ページ (932) で表示できない文字を含んでいます。データの損失を防ぐために、ファイルを Unicode 形式で保存してください。
  (ソース ファイル '3D_function.cpp' をコンパイルしています)
  
C:\dxlib\DxLib.h(2377,1): warning C4819: ファイルは、現在のコード ページ (932) で表示できない文字を含んでいます。データの損失を防ぐために、ファイルを Unicode 形式で保存してください。
  (ソース ファイル '3D_function.cpp' をコンパイルしています)
  
C:\dxlib\DxLib.h(2572,1): warning C4819: ファイルは、現在のコード ページ (932) で表示できない文字を含んでいます。データの損失を防ぐために、ファイルを Unicode 形式で保存してください。
  (ソース ファイル '3D_function.cpp' をコンパイルしています)
  
C:\dxlib\DxLib.h(2716,1): warning C4819: ファイルは、現在のコード ページ (932) で表示できない文字を含んでいます。データの損失を防ぐために、ファイルを Unicode 形式で保存してください。
  (ソース ファイル '3D_function.cpp' をコンパイルしています)
  
C:\dxlib\DxLib.h(2821,1): warning C4819: ファイルは、現在のコード ページ (932) で表示できない文字を含んでいます。データの損失を防ぐために、ファイルを Unicode 形式で保存してください。
  (ソース ファイル '3D_function.cpp' をコンパイルしています)
  
C:\dxlib\DxLib.h(2954,1): warning C4819: ファイルは、現在のコード ページ (932) で表示できない文字を含んでいます。データの損失を防ぐために、ファイルを Unicode 形式で保存してください。
  (ソース ファイル '3D_function.cpp' をコンパイルしています)
  
C:\dxlib\DxLib.h(3064,1): warning C4819: ファイルは、現在のコード ページ (932) で表示できない文字を含んでいます。データの損失を防ぐために、ファイルを Unicode 形式で保存してください。
  (ソース ファイル '3D_function.cpp' をコンパイルしています)
  
C:\dxlib\DxLib.h(3242,1): warning C4819: ファイルは、現在のコード ページ (932) で表示できない文字を含んでいます。データの損失を防ぐために、ファイルを Unicode 形式で保存してください。
  (ソース ファイル '3D_function.cpp' をコンパイルしています)
  
C:\dxlib\DxLib.h(3381,1): warning C4819: ファイルは、現在のコード ページ (932) で表示できない文字を含んでいます。データの損失を防ぐために、ファイルを Unicode 形式で保存してください。
  (ソース ファイル '3D_function.cpp' をコンパイルしています)
  
C:\dxlib\DxLib.h(3544,1): warning C4819: ファイルは、現在のコード ページ (932) で表示できない文字を含んでいます。データの損失を防ぐために、ファイルを Unicode 形式で保存してください。
  (ソース ファイル '3D_function.cpp' をコンパイルしています)
  
C:\dxlib\DxLib.h(3735,1): warning C4819: ファイルは、現在のコード ページ (932) で表示できない文字を含んでいます。データの損失を防ぐために、ファイルを Unicode 形式で保存してください。
  (ソース ファイル '3D_function.cpp' をコンパイルしています)
  
C:\dxlib\DxLib.h(3844,1): warning C4819: ファイルは、現在のコード ページ (932) で表示できない文字を含んでいます。データの損失を防ぐために、ファイルを Unicode 形式で保存してください。
  (ソース ファイル '3D_function.cpp' をコンパイルしています)
  
C:\dxlib\DxLib.h(3931,1): warning C4819: ファイルは、現在のコード ページ (932) で表示できない文字を含んでいます。データの損失を防ぐために、ファイルを Unicode 形式で保存してください。
  (ソース ファイル '3D_function.cpp' をコンパイルしています)
  
C:\dxlib\DxLib.h(4080,1): warning C4819: ファイルは、現在のコード ページ (932) で表示できない文字を含んでいます。データの損失を防ぐために、ファイルを Unicode 形式で保存してください。
  (ソース ファイル '3D_function.cpp' をコンパイルしています)
  
C:\dxlib\DxLib.h(4586,1): warning C4819: ファイルは、現在のコード ページ (932) で表示できない文字を含んでいます。データの損失を防ぐために、ファイルを Unicode 形式で保存してください。
  (ソース ファイル '3D_function.cpp' をコンパイルしています)
  
C:\dxlib\DxLib.h(4750,1): warning C4819: ファイルは、現在のコード ページ (932) で表示できない文字を含んでいます。データの損失を防ぐために、ファイルを Unicode 形式で保存してください。
  (ソース ファイル '3D_function.cpp' をコンパイルしています)
  
C:\dxlib\DxLib.h(4917,1): warning C4819: ファイルは、現在のコード ページ (932) で表示できない文字を含んでいます。データの損失を防ぐために、ファイルを Unicode 形式で保存してください。
  (ソース ファイル '3D_function.cpp' をコンパイルしています)
  
C:\dxlib\DxLib.h(5069,1): warning C4819: ファイルは、現在のコード ページ (932) で表示できない文字を含んでいます。データの損失を防ぐために、ファイルを Unicode 形式で保存してください。
  (ソース ファイル '3D_function.cpp' をコンパイルしています)
  
C:\dxlib\DxLib.h(5258,1): warning C4819: ファイルは、現在のコード ページ (932) で表示できない文字を含んでいます。データの損失を防ぐために、ファイルを Unicode 形式で保存してください。
  (ソース ファイル '3D_function.cpp' をコンパイルしています)
  
C:\dxlib\DxLib.h(5396,1): warning C4819: ファイルは、現在のコード ページ (932) で表示できない文字を含んでいます。データの損失を防ぐために、ファイルを Unicode 形式で保存してください。
  (ソース ファイル '3D_function.cpp' をコンパイルしています)
  
C:\dxlib\DxLib.h(5581,1): warning C4819: ファイルは、現在のコード ページ (932) で表示できない文字を含んでいます。データの損失を防ぐために、ファイルを Unicode 形式で保存してください。
  (ソース ファイル '3D_function.cpp' をコンパイルしています)
  
C:\Users\GA2A\Desktop\AIGame\AIGames\AIGames\3D_function.cpp(26,140): warning C4244: '=': 'double' から 'float' への変換です。データが失われる可能性があります。
C:\Users\GA2A\Desktop\AIGame\AIGames\AIGames\3D_function.cpp(26,204): warning C4244: '=': 'double' から 'float' への変換です。データが失われる可能性があります。
C:\Users\GA2A\Desktop\AIGame\AIGames\AIGames\3D_function.cpp(28,90): warning C4244: '=': 'double' から 'float' への変換です。データが失われる可能性があります。
C:\Users\GA2A\Desktop\AIGame\AIGames\AIGames\3D_function.cpp(28,138): warning C4244: '=': 'double' から 'float' への変換です。データが失われる可能性があります。
C:\Users\GA2A\Desktop\AIGame\AIGames\AIGames\3D_function.cpp(31,129): warning C4244: '=': 'double' から 'float' への変換です。データが失われる可能性があります。
C:\Users\GA2A\Desktop\AIGame\AIGames\AIGames\3D_function.cpp(31,204): warning C4244: '=': 'double' から 'float' への変換です。データが失われる可能性があります。
C:\Users\GA2A\Desktop\AIGame\AIGames\AIGames\3D_function.cpp(33,78): warning C4244: '=': 'double' から 'float' への変換です。データが失われる可能性があります。
C:\Users\GA2A\Desktop\AIGame\AIGames\AIGames\3D_function.cpp(33,137): warning C4244: '=': 'double' から 'float' への変換です。データが失われる可能性があります。
C:\Users\GA2A\Desktop\AIGame\AIGames\AIGames\3D_function.cpp(36,128): warning C4244: '=': 'double' から 'float' への変換です。データが失われる可能性があります。
C:\Users\GA2A\Desktop\AIGame\AIGames\AIGames\3D_function.cpp(36,192): warning C4244: '=': 'double' から 'float' への変換です。データが失われる可能性があります。
C:\Users\GA2A\Desktop\AIGame\AIGames\AIGames\3D_function.cpp(38,78): warning C4244: '=': 'double' から 'float' への変換です。データが失われる可能性があります。
C:\Users\GA2A\Desktop\AIGame\AIGames\AIGames\3D_function.cpp(38,126): warning C4244: '=': 'double' から 'float' への変換です。データが失われる可能性があります。
  back.cpp
C:\dxlib\DxLib.h(1,1): warning C4819: ファイルは、現在のコード ページ (932) で表示できない文字を含んでいます。データの損失を防ぐために、ファイルを Unicode 形式で保存してください。
  (ソース ファイル 'back.cpp' をコンパイルしています)
  
C:\dxlib\DxCompileConfig.h(1,1): warning C4819: ファイルは、現在のコード ページ (932) で表示できない文字を含んでいます。データの損失を防ぐために、ファイルを Unicode 形式で保存してください。
  (ソース ファイル 'back.cpp' をコンパイルしています)
  
C:\dxlib\DxDataType.h(1,1): warning C4819: ファイルは、現在のコード ページ (932) で表示できない文字を含んでいます。データの損失を防ぐために、ファイルを Unicode 形式で保存してください。
  (ソース ファイル 'back.cpp' をコンパイルしています)
  
C:\dxlib\DxCompileConfig.h(1,1): warning C4819: ファイルは、現在のコード ページ (932) で表示できない文字を含んでいます。データの損失を防ぐために、ファイルを Unicode 形式で保存してください。
  (ソース ファイル 'back.cpp' をコンパイルしています)
  
C:\dxlib\DxDataTypeWin.h(1,1): warning C4819: ファイルは、現在のコード ページ (932) で表示できない文字を含んでいます。データの損失を防ぐために、ファイルを Unicode 形式で保存してください。
  (ソース ファイル 'back.cpp' をコンパイルしています)
  
C:\dxlib\DxCompileConfig.h(1,1): warning C4819: ファイルは、現在のコード ページ (932) で表示できない文字を含んでいます。データの損失を防ぐために、ファイルを Unicode 形式で保存してください。
  (ソース ファイル 'back.cpp' をコンパイルしています)
  
C:\dxlib\DxDataTypeWin.h(443,1): warning C4819: ファイルは、現在のコード ページ (932) で表示できない文字を含んでいます。データの損失を防ぐために、ファイルを Unicode 形式で保存してください。
  (ソース ファイル 'back.cpp' をコンパイルしています)
  
C:\dxlib\DxDataTypeWin.h(1089,1): warning C4819: ファイルは、現在のコード ページ (932) で表示できない文字を含んでいます。データの損失を防ぐために、ファイルを Unicode 形式で保存してください。
  (ソース ファイル 'back.cpp' をコンパイルしています)
  
C:\dxlib\DxLib.h(406,1): warning C4819: ファイルは、現在のコード ページ (932) で表示できない文字を含んでいます。データの損失を防ぐために、ファイルを Unicode 形式で保存してください。
  (ソース ファイル 'back.cpp' をコンパイルしています)
  
C:\dxlib\DxLib.h(803,1): warning C4819: ファイルは、現在のコード ページ (932) で表示できない文字を含んでいます。データの損失を防ぐために、ファイルを Unicode 形式で保存してください。
  (ソース ファイル 'back.cpp' をコンパイルしています)
  
C:\dxlib\DxLib.h(1328,1): warning C4819: ファイルは、現在のコード ページ (932) で表示できない文字を含んでいます。データの損失を防ぐために、ファイルを Unicode 形式で保存してください。
  (ソース ファイル 'back.cpp' をコンパイルしています)
  
C:\dxlib\DxLib.h(1842,1): warning C4819: ファイルは、現在のコード ページ (932) で表示できない文字を含んでいます。データの損失を防ぐために、ファイルを Unicode 形式で保存してください。
  (ソース ファイル 'back.cpp' をコンパイルしています)
  
C:\dxlib\DxFunctionWin.h(1,1): warning C4819: ファイルは、現在のコード ページ (932) で表示できない文字を含んでいます。データの損失を防ぐために、ファイルを Unicode 形式で保存してください。
  (ソース ファイル 'back.cpp' をコンパイルしています)
  
C:\dxlib\DxFunctionWin.h(155,1): warning C4819: ファイルは、現在のコード ページ (932) で表示できない文字を含んでいます。データの損失を防ぐために、ファイルを Unicode 形式で保存してください。
  (ソース ファイル 'back.cpp' をコンパイルしています)
  
C:\dxlib\DxFunctionWin.h(337,1): warning C4819: ファイルは、現在のコード ページ (932) で表示できない文字を含んでいます。データの損失を防ぐために、ファイルを Unicode 形式で保存してください。
  (ソース ファイル 'back.cpp' をコンパイルしています)
  
C:\dxlib\DxLib.h(2183,1): warning C4819: ファイルは、現在のコード ページ (932) で表示できない文字を含んでいます。データの損失を防ぐために、ファイルを Unicode 形式で保存してください。
  (ソース ファイル 'back.cpp' をコンパイルしています)
  
C:\dxlib\DxLib.h(2377,1): warning C4819: ファイルは、現在のコード ページ (932) で表示できない文字を含んでいます。データの損失を防ぐために、ファイルを Unicode 形式で保存してください。
  (ソース ファイル 'back.cpp' をコンパイルしています)
  
C:\dxlib\DxLib.h(2572,1): warning C4819: ファイルは、現在のコード ページ (932) で表示できない文字を含んでいます。データの損失を防ぐために、ファイルを Unicode 形式で保存してください。
  (ソース ファイル 'back.cpp' をコンパイルしています)
  
C:\dxlib\DxLib.h(2716,1): warning C4819: ファイルは、現在のコード ページ (932) で表示できない文字を含んでいます。データの損失を防ぐために、ファイルを Unicode 形式で保存してください。
  (ソース ファイル 'back.cpp' をコンパイルしています)
  
C:\dxlib\DxLib.h(2821,1): warning C4819: ファイルは、現在のコード ページ (932) で表示できない文字を含んでいます。データの損失を防ぐために、ファイルを Unicode 形式で保存してください。
  (ソース ファイル 'back.cpp' をコンパイルしています)
  
C:\dxlib\DxLib.h(2954,1): warning C4819: ファイルは、現在のコード ページ (932) で表示できない文字を含んでいます。データの損失を防ぐために、ファイルを Unicode 形式で保存してください。
  (ソース ファイル 'back.cpp' をコンパイルしています)
  
C:\dxlib\DxLib.h(3064,1): warning C4819: ファイルは、現在のコード ページ (932) で表示できない文字を含んでいます。データの損失を防ぐために、ファイルを Unicode 形式で保存してください。
  (ソース ファイル 'back.cpp' をコンパイルしています)
  
C:\dxlib\DxLib.h(3242,1): warning C4819: ファイルは、現在のコード ページ (932) で表示できない文字を含んでいます。データの損失を防ぐために、ファイルを Unicode 形式で保存してください。
  (ソース ファイル 'back.cpp' をコンパイルしています)
  
C:\dxlib\DxLib.h(3381,1): warning C4819: ファイルは、現在のコード ページ (932) で表示できない文字を含んでいます。データの損失を防ぐために、ファイルを Unicode 形式で保存してください。
  (ソース ファイル 'back.cpp' をコンパイルしています)
  
C:\dxlib\DxLib.h(3544,1): warning C4819: ファイルは、現在のコード ページ (932) で表示できない文字を含んでいます。データの損失を防ぐために、ファイルを Unicode 形式で保存してください。
  (ソース ファイル 'back.cpp' をコンパイルしています)
  
C:\dxlib\DxLib.h(3735,1): warning C4819: ファイルは、現在のコード ページ (932) で表示できない文字を含んでいます。データの損失を防ぐために、ファイルを Unicode 形式で保存してください。
  (ソース ファイル 'back.cpp' をコンパイルしています)
  
C:\dxlib\DxLib.h(3844,1): warning C4819: ファイルは、現在のコード ページ (932) で表示できない文字を含んでいます。データの損失を防ぐために、ファイルを Unicode 形式で保存してください。
  (ソース ファイル 'back.cpp' をコンパイルしています)
  
C:\dxlib\DxLib.h(3931,1): warning C4819: ファイルは、現在のコード ページ (932) で表示できない文字を含んでいます。データの損失を防ぐために、ファイルを Unicode 形式で保存してください。
  (ソース ファイル 'back.cpp' をコンパイルしています)
  
C:\dxlib\DxLib.h(4080,1): warning C4819: ファイルは、現在のコード ページ (932) で表示できない文字を含んでいます。データの損失を防ぐために、ファイルを Unicode 形式で保存してください。
  (ソース ファイル 'back.cpp' をコンパイルしています)
  
C:\dxlib\DxLib.h(4586,1): warning C4819: ファイルは、現在のコード ページ (932) で表示できない文字を含んでいます。データの損失を防ぐために、ファイルを Unicode 形式で保存してください。
  (ソース ファイル 'back.cpp' をコンパイルしています)
  
C:\dxlib\DxLib.h(4750,1): warning C4819: ファイルは、現在のコード ページ (932) で表示できない文字を含んでいます。データの損失を防ぐために、ファイルを Unicode 形式で保存してください。
  (ソース ファイル 'back.cpp' をコンパイルしています)
  
C:\dxlib\DxLib.h(4917,1): warning C4819: ファイルは、現在のコード ページ (932) で表示できない文字を含んでいます。データの損失を防ぐために、ファイルを Unicode 形式で保存してください。
  (ソース ファイル 'back.cpp' をコンパイルしています)
  
C:\dxlib\DxLib.h(5069,1): warning C4819: ファイルは、現在のコード ページ (932) で表示できない文字を含んでいます。データの損失を防ぐために、ファイルを Unicode 形式で保存してください。
  (ソース ファイル 'back.cpp' をコンパイルしています)
  
C:\dxlib\DxLib.h(5258,1): warning C4819: ファイルは、現在のコード ページ (932) で表示できない文字を含んでいます。データの損失を防ぐために、ファイルを Unicode 形式で保存してください。
  (ソース ファイル 'back.cpp' をコンパイルしています)
  
C:\dxlib\DxLib.h(5396,1): warning C4819: ファイルは、現在のコード ページ (932) で表示できない文字を含んでいます。データの損失を防ぐために、ファイルを Unicode 形式で保存してください。
  (ソース ファイル 'back.cpp' をコンパイルしています)
  
C:\dxlib\DxLib.h(5581,1): warning C4819: ファイルは、現在のコード ページ (932) で表示できない文字を含んでいます。データの損失を防ぐために、ファイルを Unicode 形式で保存してください。
  (ソース ファイル 'back.cpp' をコンパイルしています)
  
C:\Users\GA2A\Desktop\AIGame\AIGames\AIGames\back.cpp(60,26): warning C4244: '引数': 'float' から 'int' への変換です。データが失われる可能性があります。
C:\Users\GA2A\Desktop\AIGame\AIGames\AIGames\back.cpp(60,19): warning C4244: '引数': 'float' から 'int' への変換です。データが失われる可能性があります。
  CCamera.cpp
C:\dxlib\DxLib.h(1,1): warning C4819: ファイルは、現在のコード ページ (932) で表示できない文字を含んでいます。データの損失を防ぐために、ファイルを Unicode 形式で保存してください。
  (ソース ファイル 'CCamera.cpp' をコンパイルしています)
  
C:\dxlib\DxCompileConfig.h(1,1): warning C4819: ファイルは、現在のコード ページ (932) で表示できない文字を含んでいます。データの損失を防ぐために、ファイルを Unicode 形式で保存してください。
  (ソース ファイル 'CCamera.cpp' をコンパイルしています)
  
C:\dxlib\DxDataType.h(1,1): warning C4819: ファイルは、現在のコード ページ (932) で表示できない文字を含んでいます。データの損失を防ぐために、ファイルを Unicode 形式で保存してください。
  (ソース ファイル 'CCamera.cpp' をコンパイルしています)
  
C:\dxlib\DxCompileConfig.h(1,1): warning C4819: ファイルは、現在のコード ページ (932) で表示できない文字を含んでいます。データの損失を防ぐために、ファイルを Unicode 形式で保存してください。
  (ソース ファイル 'CCamera.cpp' をコンパイルしています)
  
C:\dxlib\DxDataTypeWin.h(1,1): warning C4819: ファイルは、現在のコード ページ (932) で表示できない文字を含んでいます。データの損失を防ぐために、ファイルを Unicode 形式で保存してください。
  (ソース ファイル 'CCamera.cpp' をコンパイルしています)
  
C:\dxlib\DxCompileConfig.h(1,1): warning C4819: ファイルは、現在のコード ページ (932) で表示できない文字を含んでいます。データの損失を防ぐために、ファイルを Unicode 形式で保存してください。
  (ソース ファイル 'CCamera.cpp' をコンパイルしています)
  
C:\dxlib\DxDataTypeWin.h(443,1): warning C4819: ファイルは、現在のコード ページ (932) で表示できない文字を含んでいます。データの損失を防ぐために、ファイルを Unicode 形式で保存してください。
  (ソース ファイル 'CCamera.cpp' をコンパイルしています)
  
C:\dxlib\DxDataTypeWin.h(1089,1): warning C4819: ファイルは、現在のコード ページ (932) で表示できない文字を含んでいます。データの損失を防ぐために、ファイルを Unicode 形式で保存してください。
  (ソース ファイル 'CCamera.cpp' をコンパイルしています)
  
C:\dxlib\DxLib.h(406,1): warning C4819: ファイルは、現在のコード ページ (932) で表示できない文字を含んでいます。データの損失を防ぐために、ファイルを Unicode 形式で保存してください。
  (ソース ファイル 'CCamera.cpp' をコンパイルしています)
  
C:\dxlib\DxLib.h(803,1): warning C4819: ファイルは、現在のコード ページ (932) で表示できない文字を含んでいます。データの損失を防ぐために、ファイルを Unicode 形式で保存してください。
  (ソース ファイル 'CCamera.cpp' をコンパイルしています)
  
C:\dxlib\DxLib.h(1328,1): warning C4819: ファイルは、現在のコード ページ (932) で表示できない文字を含んでいます。データの損失を防ぐために、ファイルを Unicode 形式で保存してください。
  (ソース ファイル 'CCamera.cpp' をコンパイルしています)
  
C:\dxlib\DxLib.h(1842,1): warning C4819: ファイルは、現在のコード ページ (932) で表示できない文字を含んでいます。データの損失を防ぐために、ファイルを Unicode 形式で保存してください。
  (ソース ファイル 'CCamera.cpp' をコンパイルしています)
  
C:\dxlib\DxFunctionWin.h(1,1): warning C4819: ファイルは、現在のコード ページ (932) で表示できない文字を含んでいます。データの損失を防ぐために、ファイルを Unicode 形式で保存してください。
  (ソース ファイル 'CCamera.cpp' をコンパイルしています)
  
C:\dxlib\DxFunctionWin.h(155,1): warning C4819: ファイルは、現在のコード ページ (932) で表示できない文字を含んでいます。データの損失を防ぐために、ファイルを Unicode 形式で保存してください。
  (ソース ファイル 'CCamera.cpp' をコンパイルしています)
  
C:\dxlib\DxFunctionWin.h(337,1): warning C4819: ファイルは、現在のコード ページ (932) で表示できない文字を含んでいます。データの損失を防ぐために、ファイルを Unicode 形式で保存してください。
  (ソース ファイル 'CCamera.cpp' をコンパイルしています)
  
C:\dxlib\DxLib.h(2183,1): warning C4819: ファイルは、現在のコード ページ (932) で表示できない文字を含んでいます。データの損失を防ぐために、ファイルを Unicode 形式で保存してください。
  (ソース ファイル 'CCamera.cpp' をコンパイルしています)
  
C:\dxlib\DxLib.h(2377,1): warning C4819: ファイルは、現在のコード ページ (932) で表示できない文字を含んでいます。データの損失を防ぐために、ファイルを Unicode 形式で保存してください。
  (ソース ファイル 'CCamera.cpp' をコンパイルしています)
  
C:\dxlib\DxLib.h(2572,1): warning C4819: ファイルは、現在のコード ページ (932) で表示できない文字を含んでいます。データの損失を防ぐために、ファイルを Unicode 形式で保存してください。
  (ソース ファイル 'CCamera.cpp' をコンパイルしています)
  
C:\dxlib\DxLib.h(2716,1): warning C4819: ファイルは、現在のコード ページ (932) で表示できない文字を含んでいます。データの損失を防ぐために、ファイルを Unicode 形式で保存してください。
  (ソース ファイル 'CCamera.cpp' をコンパイルしています)
  
C:\dxlib\DxLib.h(2821,1): warning C4819: ファイルは、現在のコード ページ (932) で表示できない文字を含んでいます。データの損失を防ぐために、ファイルを Unicode 形式で保存してください。
  (ソース ファイル 'CCamera.cpp' をコンパイルしています)
  
C:\dxlib\DxLib.h(2954,1): warning C4819: ファイルは、現在のコード ページ (932) で表示できない文字を含んでいます。データの損失を防ぐために、ファイルを Unicode 形式で保存してください。
  (ソース ファイル 'CCamera.cpp' をコンパイルしています)
  
C:\dxlib\DxLib.h(3064,1): warning C4819: ファイルは、現在のコード ページ (932) で表示できない文字を含んでいます。データの損失を防ぐために、ファイルを Unicode 形式で保存してください。
  (ソース ファイル 'CCamera.cpp' をコンパイルしています)
  
C:\dxlib\DxLib.h(3242,1): warning C4819: ファイルは、現在のコード ページ (932) で表示できない文字を含んでいます。データの損失を防ぐために、ファイルを Unicode 形式で保存してください。
  (ソース ファイル 'CCamera.cpp' をコンパイルしています)
  
C:\dxlib\DxLib.h(3381,1): warning C4819: ファイルは、現在のコード ページ (932) で表示できない文字を含んでいます。データの損失を防ぐために、ファイルを Unicode 形式で保存してください。
  (ソース ファイル 'CCamera.cpp' をコンパイルしています)
  
C:\dxlib\DxLib.h(3544,1): warning C4819: ファイルは、現在のコード ページ (932) で表示できない文字を含んでいます。データの損失を防ぐために、ファイルを Unicode 形式で保存してください。
  (ソース ファイル 'CCamera.cpp' をコンパイルしています)
  
C:\dxlib\DxLib.h(3735,1): warning C4819: ファイルは、現在のコード ページ (932) で表示できない文字を含んでいます。データの損失を防ぐために、ファイルを Unicode 形式で保存してください。
  (ソース ファイル 'CCamera.cpp' をコンパイルしています)
  
C:\dxlib\DxLib.h(3844,1): warning C4819: ファイルは、現在のコード ページ (932) で表示できない文字を含んでいます。データの損失を防ぐために、ファイルを Unicode 形式で保存してください。
  (ソース ファイル 'CCamera.cpp' をコンパイルしています)
  
C:\dxlib\DxLib.h(3931,1): warning C4819: ファイルは、現在のコード ページ (932) で表示できない文字を含んでいます。データの損失を防ぐために、ファイルを Unicode 形式で保存してください。
  (ソース ファイル 'CCamera.cpp' をコンパイルしています)
  
C:\dxlib\DxLib.h(4080,1): warning C4819: ファイルは、現在のコード ページ (932) で表示できない文字を含んでいます。データの損失を防ぐために、ファイルを Unicode 形式で保存してください。
  (ソース ファイル 'CCamera.cpp' をコンパイルしています)
  
C:\dxlib\DxLib.h(4586,1): warning C4819: ファイルは、現在のコード ページ (932) で表示できない文字を含んでいます。データの損失を防ぐために、ファイルを Unicode 形式で保存してください。
  (ソース ファイル 'CCamera.cpp' をコンパイルしています)
  
C:\dxlib\DxLib.h(4750,1): warning C4819: ファイルは、現在のコード ページ (932) で表示できない文字を含んでいます。データの損失を防ぐために、ファイルを Unicode 形式で保存してください。
  (ソース ファイル 'CCamera.cpp' をコンパイルしています)
  
C:\dxlib\DxLib.h(4917,1): warning C4819: ファイルは、現在のコード ページ (932) で表示できない文字を含んでいます。データの損失を防ぐために、ファイルを Unicode 形式で保存してください。
  (ソース ファイル 'CCamera.cpp' をコンパイルしています)
  
C:\dxlib\DxLib.h(5069,1): warning C4819: ファイルは、現在のコード ページ (932) で表示できない文字を含んでいます。データの損失を防ぐために、ファイルを Unicode 形式で保存してください。
  (ソース ファイル 'CCamera.cpp' をコンパイルしています)
  
C:\dxlib\DxLib.h(5258,1): warning C4819: ファイルは、現在のコード ページ (932) で表示できない文字を含んでいます。データの損失を防ぐために、ファイルを Unicode 形式で保存してください。
  (ソース ファイル 'CCamera.cpp' をコンパイルしています)
  
C:\dxlib\DxLib.h(5396,1): warning C4819: ファイルは、現在のコード ページ (932) で表示できない文字を含んでいます。データの損失を防ぐために、ファイルを Unicode 形式で保存してください。
  (ソース ファイル 'CCamera.cpp' をコンパイルしています)
  
C:\dxlib\DxLib.h(5581,1): warning C4819: ファイルは、現在のコード ページ (932) で表示できない文字を含んでいます。データの損失を防ぐために、ファイルを Unicode 形式で保存してください。
  (ソース ファイル 'CCamera.cpp' をコンパイルしています)
  
C:\Users\GA2A\Desktop\AIGame\AIGames\AIGames\CCamera.cpp(102,2): error C2664: 'int DxLib::DrawFormatString(int,int,unsigned int,const TCHAR *,...)': 引数 4 を 'const char [18]' から 'const TCHAR *' へ変換できません。
      C:\Users\GA2A\Desktop\AIGame\AIGames\AIGames\CCamera.cpp(102,50):
      指示された型は関連がありません。変換には reinterpret_cast、C スタイル キャストまたはかっこで囲まれた関数スタイル キャストが必要です。
      C:\dxlib\DxLib.h(3818,14):
      'DxLib::DrawFormatString' の宣言を確認してください
      C:\Users\GA2A\Desktop\AIGame\AIGames\AIGames\CCamera.cpp(102,2):
      引数リスト '(int, int, unsigned int, const char [18], float, float, float)' を一致させようとしているとき
  
  2D_function.cpp
C:\dxlib\DxLib.h(1,1): warning C4819: ファイルは、現在のコード ページ (932) で表示できない文字を含んでいます。データの損失を防ぐために、ファイルを Unicode 形式で保存してください。
  (ソース ファイル '2D_function.cpp' をコンパイルしています)
  
C:\dxlib\DxCompileConfig.h(1,1): warning C4819: ファイルは、現在のコード ページ (932) で表示できない文字を含んでいます。データの損失を防ぐために、ファイルを Unicode 形式で保存してください。
  (ソース ファイル '2D_function.cpp' をコンパイルしています)
  
C:\dxlib\DxDataType.h(1,1): warning C4819: ファイルは、現在のコード ページ (932) で表示できない文字を含んでいます。データの損失を防ぐために、ファイルを Unicode 形式で保存してください。
  (ソース ファイル '2D_function.cpp' をコンパイルしています)
  
C:\dxlib\DxCompileConfig.h(1,1): warning C4819: ファイルは、現在のコード ページ (932) で表示できない文字を含んでいます。データの損失を防ぐために、ファイルを Unicode 形式で保存してください。
  (ソース ファイル '2D_function.cpp' をコンパイルしています)
  
C:\dxlib\DxDataTypeWin.h(1,1): warning C4819: ファイルは、現在のコード ページ (932) で表示できない文字を含んでいます。データの損失を防ぐために、ファイルを Unicode 形式で保存してください。
  (ソース ファイル '2D_function.cpp' をコンパイルしています)
  
C:\dxlib\DxCompileConfig.h(1,1): warning C4819: ファイルは、現在のコード ページ (932) で表示できない文字を含んでいます。データの損失を防ぐために、ファイルを Unicode 形式で保存してください。
  (ソース ファイル '2D_function.cpp' をコンパイルしています)
  
C:\dxlib\DxDataTypeWin.h(443,1): warning C4819: ファイルは、現在のコード ページ (932) で表示できない文字を含んでいます。データの損失を防ぐために、ファイルを Unicode 形式で保存してください。
  (ソース ファイル '2D_function.cpp' をコンパイルしています)
  
C:\dxlib\DxDataTypeWin.h(1089,1): warning C4819: ファイルは、現在のコード ページ (932) で表示できない文字を含んでいます。データの損失を防ぐために、ファイルを Unicode 形式で保存してください。
  (ソース ファイル '2D_function.cpp' をコンパイルしています)
  
C:\dxlib\DxLib.h(406,1): warning C4819: ファイルは、現在のコード ページ (932) で表示できない文字を含んでいます。データの損失を防ぐために、ファイルを Unicode 形式で保存してください。
  (ソース ファイル '2D_function.cpp' をコンパイルしています)
  
C:\dxlib\DxLib.h(803,1): warning C4819: ファイルは、現在のコード ページ (932) で表示できない文字を含んでいます。データの損失を防ぐために、ファイルを Unicode 形式で保存してください。
  (ソース ファイル '2D_function.cpp' をコンパイルしています)
  
C:\dxlib\DxLib.h(1328,1): warning C4819: ファイルは、現在のコード ページ (932) で表示できない文字を含んでいます。データの損失を防ぐために、ファイルを Unicode 形式で保存してください。
  (ソース ファイル '2D_function.cpp' をコンパイルしています)
  
C:\dxlib\DxLib.h(1842,1): warning C4819: ファイルは、現在のコード ページ (932) で表示できない文字を含んでいます。データの損失を防ぐために、ファイルを Unicode 形式で保存してください。
  (ソース ファイル '2D_function.cpp' をコンパイルしています)
  
C:\dxlib\DxFunctionWin.h(1,1): warning C4819: ファイルは、現在のコード ページ (932) で表示できない文字を含んでいます。データの損失を防ぐために、ファイルを Unicode 形式で保存してください。
  (ソース ファイル '2D_function.cpp' をコンパイルしています)
  
C:\dxlib\DxFunctionWin.h(155,1): warning C4819: ファイルは、現在のコード ページ (932) で表示できない文字を含んでいます。データの損失を防ぐために、ファイルを Unicode 形式で保存してください。
  (ソース ファイル '2D_function.cpp' をコンパイルしています)
  
C:\dxlib\DxFunctionWin.h(337,1): warning C4819: ファイルは、現在のコード ページ (932) で表示できない文字を含んでいます。データの損失を防ぐために、ファイルを Unicode 形式で保存してください。
  (ソース ファイル '2D_function.cpp' をコンパイルしています)
  
C:\dxlib\DxLib.h(2183,1): warning C4819: ファイルは、現在のコード ページ (932) で表示できない文字を含んでいます。データの損失を防ぐために、ファイルを Unicode 形式で保存してください。
  (ソース ファイル '2D_function.cpp' をコンパイルしています)
  
C:\dxlib\DxLib.h(2377,1): warning C4819: ファイルは、現在のコード ページ (932) で表示できない文字を含んでいます。データの損失を防ぐために、ファイルを Unicode 形式で保存してください。
  (ソース ファイル '2D_function.cpp' をコンパイルしています)
  
C:\dxlib\DxLib.h(2572,1): warning C4819: ファイルは、現在のコード ページ (932) で表示できない文字を含んでいます。データの損失を防ぐために、ファイルを Unicode 形式で保存してください。
  (ソース ファイル '2D_function.cpp' をコンパイルしています)
  
C:\dxlib\DxLib.h(2716,1): warning C4819: ファイルは、現在のコード ページ (932) で表示できない文字を含んでいます。データの損失を防ぐために、ファイルを Unicode 形式で保存してください。
  (ソース ファイル '2D_function.cpp' をコンパイルしています)
  
C:\dxlib\DxLib.h(2821,1): warning C4819: ファイルは、現在のコード ページ (932) で表示できない文字を含んでいます。データの損失を防ぐために、ファイルを Unicode 形式で保存してください。
  (ソース ファイル '2D_function.cpp' をコンパイルしています)
  
C:\dxlib\DxLib.h(2954,1): warning C4819: ファイルは、現在のコード ページ (932) で表示できない文字を含んでいます。データの損失を防ぐために、ファイルを Unicode 形式で保存してください。
  (ソース ファイル '2D_function.cpp' をコンパイルしています)
  
C:\dxlib\DxLib.h(3064,1): warning C4819: ファイルは、現在のコード ページ (932) で表示できない文字を含んでいます。データの損失を防ぐために、ファイルを Unicode 形式で保存してください。
  (ソース ファイル '2D_function.cpp' をコンパイルしています)
  
C:\dxlib\DxLib.h(3242,1): warning C4819: ファイルは、現在のコード ページ (932) で表示できない文字を含んでいます。データの損失を防ぐために、ファイルを Unicode 形式で保存してください。
  (ソース ファイル '2D_function.cpp' をコンパイルしています)
  
C:\dxlib\DxLib.h(3381,1): warning C4819: ファイルは、現在のコード ページ (932) で表示できない文字を含んでいます。データの損失を防ぐために、ファイルを Unicode 形式で保存してください。
  (ソース ファイル '2D_function.cpp' をコンパイルしています)
  
C:\dxlib\DxLib.h(3544,1): warning C4819: ファイルは、現在のコード ページ (932) で表示できない文字を含んでいます。データの損失を防ぐために、ファイルを Unicode 形式で保存してください。
  (ソース ファイル '2D_function.cpp' をコンパイルしています)
  
C:\dxlib\DxLib.h(3735,1): warning C4819: ファイルは、現在のコード ページ (932) で表示できない文字を含んでいます。データの損失を防ぐために、ファイルを Unicode 形式で保存してください。
  (ソース ファイル '2D_function.cpp' をコンパイルしています)
  
C:\dxlib\DxLib.h(3844,1): warning C4819: ファイルは、現在のコード ページ (932) で表示できない文字を含んでいます。データの損失を防ぐために、ファイルを Unicode 形式で保存してください。
  (ソース ファイル '2D_function.cpp' をコンパイルしています)
  
C:\dxlib\DxLib.h(3931,1): warning C4819: ファイルは、現在のコード ページ (932) で表示できない文字を含んでいます。データの損失を防ぐために、ファイルを Unicode 形式で保存してください。
  (ソース ファイル '2D_function.cpp' をコンパイルしています)
  
C:\dxlib\DxLib.h(4080,1): warning C4819: ファイルは、現在のコード ページ (932) で表示できない文字を含んでいます。データの損失を防ぐために、ファイルを Unicode 形式で保存してください。
  (ソース ファイル '2D_function.cpp' をコンパイルしています)
  
C:\dxlib\DxLib.h(4586,1): warning C4819: ファイルは、現在のコード ページ (932) で表示できない文字を含んでいます。データの損失を防ぐために、ファイルを Unicode 形式で保存してください。
  (ソース ファイル '2D_function.cpp' をコンパイルしています)
  
C:\dxlib\DxLib.h(4750,1): warning C4819: ファイルは、現在のコード ページ (932) で表示できない文字を含んでいます。データの損失を防ぐために、ファイルを Unicode 形式で保存してください。
  (ソース ファイル '2D_function.cpp' をコンパイルしています)
  
C:\dxlib\DxLib.h(4917,1): warning C4819: ファイルは、現在のコード ページ (932) で表示できない文字を含んでいます。データの損失を防ぐために、ファイルを Unicode 形式で保存してください。
  (ソース ファイル '2D_function.cpp' をコンパイルしています)
  
C:\dxlib\DxLib.h(5069,1): warning C4819: ファイルは、現在のコード ページ (932) で表示できない文字を含んでいます。データの損失を防ぐために、ファイルを Unicode 形式で保存してください。
  (ソース ファイル '2D_function.cpp' をコンパイルしています)
  
C:\dxlib\DxLib.h(5258,1): warning C4819: ファイルは、現在のコード ページ (932) で表示できない文字を含んでいます。データの損失を防ぐために、ファイルを Unicode 形式で保存してください。
  (ソース ファイル '2D_function.cpp' をコンパイルしています)
  
C:\dxlib\DxLib.h(5396,1): warning C4819: ファイルは、現在のコード ページ (932) で表示できない文字を含んでいます。データの損失を防ぐために、ファイルを Unicode 形式で保存してください。
  (ソース ファイル '2D_function.cpp' をコンパイルしています)
  
C:\dxlib\DxLib.h(5581,1): warning C4819: ファイルは、現在のコード ページ (932) で表示できない文字を含んでいます。データの損失を防ぐために、ファイルを Unicode 形式で保存してください。
  (ソース ファイル '2D_function.cpp' をコンパイルしています)
  
C:\Users\GA2A\Desktop\AIGame\AIGames\AIGames\2D_function.cpp(23,143): warning C4244: '=': 'double' から 'float' への変換です。データが失われる可能性があります。
C:\Users\GA2A\Desktop\AIGame\AIGames\AIGames\2D_function.cpp(23,202): warning C4244: '=': 'double' から 'float' への変換です。データが失われる可能性があります。
C:\Users\GA2A\Desktop\AIGame\AIGames\AIGames\2D_function.cpp(65,20): warning C4018: '<': signed と unsigned の数値を比較しようとしました。
C:\Users\GA2A\Desktop\AIGame\AIGames\AIGames\2D_function.cpp(77,20): warning C4018: '<': signed と unsigned の数値を比較しようとしました。
  door.cpp
C:\dxlib\DxLib.h(1,1): warning C4819: ファイルは、現在のコード ページ (932) で表示できない文字を含んでいます。データの損失を防ぐために、ファイルを Unicode 形式で保存してください。
  (ソース ファイル 'door.cpp' をコンパイルしています)
  
C:\dxlib\DxCompileConfig.h(1,1): warning C4819: ファイルは、現在のコード ページ (932) で表示できない文字を含んでいます。データの損失を防ぐために、ファイルを Unicode 形式で保存してください。
  (ソース ファイル 'door.cpp' をコンパイルしています)
  
C:\dxlib\DxDataType.h(1,1): warning C4819: ファイルは、現在のコード ページ (932) で表示できない文字を含んでいます。データの損失を防ぐために、ファイルを Unicode 形式で保存してください。
  (ソース ファイル 'door.cpp' をコンパイルしています)
  
C:\dxlib\DxCompileConfig.h(1,1): warning C4819: ファイルは、現在のコード ページ (932) で表示できない文字を含んでいます。データの損失を防ぐために、ファイルを Unicode 形式で保存してください。
  (ソース ファイル 'door.cpp' をコンパイルしています)
  
C:\dxlib\DxDataTypeWin.h(1,1): warning C4819: ファイルは、現在のコード ページ (932) で表示できない文字を含んでいます。データの損失を防ぐために、ファイルを Unicode 形式で保存してください。
  (ソース ファイル 'door.cpp' をコンパイルしています)
  
C:\dxlib\DxCompileConfig.h(1,1): warning C4819: ファイルは、現在のコード ページ (932) で表示できない文字を含んでいます。データの損失を防ぐために、ファイルを Unicode 形式で保存してください。
  (ソース ファイル 'door.cpp' をコンパイルしています)
  
C:\dxlib\DxDataTypeWin.h(443,1): warning C4819: ファイルは、現在のコード ページ (932) で表示できない文字を含んでいます。データの損失を防ぐために、ファイルを Unicode 形式で保存してください。
  (ソース ファイル 'door.cpp' をコンパイルしています)
  
C:\dxlib\DxDataTypeWin.h(1089,1): warning C4819: ファイルは、現在のコード ページ (932) で表示できない文字を含んでいます。データの損失を防ぐために、ファイルを Unicode 形式で保存してください。
  (ソース ファイル 'door.cpp' をコンパイルしています)
  
C:\dxlib\DxLib.h(406,1): warning C4819: ファイルは、現在のコード ページ (932) で表示できない文字を含んでいます。データの損失を防ぐために、ファイルを Unicode 形式で保存してください。
  (ソース ファイル 'door.cpp' をコンパイルしています)
  
C:\dxlib\DxLib.h(803,1): warning C4819: ファイルは、現在のコード ページ (932) で表示できない文字を含んでいます。データの損失を防ぐために、ファイルを Unicode 形式で保存してください。
  (ソース ファイル 'door.cpp' をコンパイルしています)
  
C:\dxlib\DxLib.h(1328,1): warning C4819: ファイルは、現在のコード ページ (932) で表示できない文字を含んでいます。データの損失を防ぐために、ファイルを Unicode 形式で保存してください。
  (ソース ファイル 'door.cpp' をコンパイルしています)
  
C:\dxlib\DxLib.h(1842,1): warning C4819: ファイルは、現在のコード ページ (932) で表示できない文字を含んでいます。データの損失を防ぐために、ファイルを Unicode 形式で保存してください。
  (ソース ファイル 'door.cpp' をコンパイルしています)
  
C:\dxlib\DxFunctionWin.h(1,1): warning C4819: ファイルは、現在のコード ページ (932) で表示できない文字を含んでいます。データの損失を防ぐために、ファイルを Unicode 形式で保存してください。
  (ソース ファイル 'door.cpp' をコンパイルしています)
  
C:\dxlib\DxFunctionWin.h(155,1): warning C4819: ファイルは、現在のコード ページ (932) で表示できない文字を含んでいます。データの損失を防ぐために、ファイルを Unicode 形式で保存してください。
  (ソース ファイル 'door.cpp' をコンパイルしています)
  
C:\dxlib\DxFunctionWin.h(337,1): warning C4819: ファイルは、現在のコード ページ (932) で表示できない文字を含んでいます。データの損失を防ぐために、ファイルを Unicode 形式で保存してください。
  (ソース ファイル 'door.cpp' をコンパイルしています)
  
C:\dxlib\DxLib.h(2183,1): warning C4819: ファイルは、現在のコード ページ (932) で表示できない文字を含んでいます。データの損失を防ぐために、ファイルを Unicode 形式で保存してください。
  (ソース ファイル 'door.cpp' をコンパイルしています)
  
C:\dxlib\DxLib.h(2377,1): warning C4819: ファイルは、現在のコード ページ (932) で表示できない文字を含んでいます。データの損失を防ぐために、ファイルを Unicode 形式で保存してください。
  (ソース ファイル 'door.cpp' をコンパイルしています)
  
C:\dxlib\DxLib.h(2572,1): warning C4819: ファイルは、現在のコード ページ (932) で表示できない文字を含んでいます。データの損失を防ぐために、ファイルを Unicode 形式で保存してください。
  (ソース ファイル 'door.cpp' をコンパイルしています)
  
C:\dxlib\DxLib.h(2716,1): warning C4819: ファイルは、現在のコード ページ (932) で表示できない文字を含んでいます。データの損失を防ぐために、ファイルを Unicode 形式で保存してください。
  (ソース ファイル 'door.cpp' をコンパイルしています)
  
C:\dxlib\DxLib.h(2821,1): warning C4819: ファイルは、現在のコード ページ (932) で表示できない文字を含んでいます。データの損失を防ぐために、ファイルを Unicode 形式で保存してください。
  (ソース ファイル 'door.cpp' をコンパイルしています)
  
C:\dxlib\DxLib.h(2954,1): warning C4819: ファイルは、現在のコード ページ (932) で表示できない文字を含んでいます。データの損失を防ぐために、ファイルを Unicode 形式で保存してください。
  (ソース ファイル 'door.cpp' をコンパイルしています)
  
C:\dxlib\DxLib.h(3064,1): warning C4819: ファイルは、現在のコード ページ (932) で表示できない文字を含んでいます。データの損失を防ぐために、ファイルを Unicode 形式で保存してください。
  (ソース ファイル 'door.cpp' をコンパイルしています)
  
C:\dxlib\DxLib.h(3242,1): warning C4819: ファイルは、現在のコード ページ (932) で表示できない文字を含んでいます。データの損失を防ぐために、ファイルを Unicode 形式で保存してください。
  (ソース ファイル 'door.cpp' をコンパイルしています)
  
C:\dxlib\DxLib.h(3381,1): warning C4819: ファイルは、現在のコード ページ (932) で表示できない文字を含んでいます。データの損失を防ぐために、ファイルを Unicode 形式で保存してください。
  (ソース ファイル 'door.cpp' をコンパイルしています)
  
C:\dxlib\DxLib.h(3544,1): warning C4819: ファイルは、現在のコード ページ (932) で表示できない文字を含んでいます。データの損失を防ぐために、ファイルを Unicode 形式で保存してください。
  (ソース ファイル 'door.cpp' をコンパイルしています)
  
C:\dxlib\DxLib.h(3735,1): warning C4819: ファイルは、現在のコード ページ (932) で表示できない文字を含んでいます。データの損失を防ぐために、ファイルを Unicode 形式で保存してください。
  (ソース ファイル 'door.cpp' をコンパイルしています)
  
C:\dxlib\DxLib.h(3844,1): warning C4819: ファイルは、現在のコード ページ (932) で表示できない文字を含んでいます。データの損失を防ぐために、ファイルを Unicode 形式で保存してください。
  (ソース ファイル 'door.cpp' をコンパイルしています)
  
C:\dxlib\DxLib.h(3931,1): warning C4819: ファイルは、現在のコード ページ (932) で表示できない文字を含んでいます。データの損失を防ぐために、ファイルを Unicode 形式で保存してください。
  (ソース ファイル 'door.cpp' をコンパイルしています)
  
C:\dxlib\DxLib.h(4080,1): warning C4819: ファイルは、現在のコード ページ (932) で表示できない文字を含んでいます。データの損失を防ぐために、ファイルを Unicode 形式で保存してください。
  (ソース ファイル 'door.cpp' をコンパイルしています)
  
C:\dxlib\DxLib.h(4586,1): warning C4819: ファイルは、現在のコード ページ (932) で表示できない文字を含んでいます。データの損失を防ぐために、ファイルを Unicode 形式で保存してください。
  (ソース ファイル 'door.cpp' をコンパイルしています)
  
C:\dxlib\DxLib.h(4750,1): warning C4819: ファイルは、現在のコード ページ (932) で表示できない文字を含んでいます。データの損失を防ぐために、ファイルを Unicode 形式で保存してください。
  (ソース ファイル 'door.cpp' をコンパイルしています)
  
C:\dxlib\DxLib.h(4917,1): warning C4819: ファイルは、現在のコード ページ (932) で表示できない文字を含んでいます。データの損失を防ぐために、ファイルを Unicode 形式で保存してください。
  (ソース ファイル 'door.cpp' をコンパイルしています)
  
C:\dxlib\DxLib.h(5069,1): warning C4819: ファイルは、現在のコード ページ (932) で表示できない文字を含んでいます。データの損失を防ぐために、ファイルを Unicode 形式で保存してください。
  (ソース ファイル 'door.cpp' をコンパイルしています)
  
C:\dxlib\DxLib.h(5258,1): warning C4819: ファイルは、現在のコード ページ (932) で表示できない文字を含んでいます。データの損失を防ぐために、ファイルを Unicode 形式で保存してください。
  (ソース ファイル 'door.cpp' をコンパイルしています)
  
C:\dxlib\DxLib.h(5396,1): warning C4819: ファイルは、現在のコード ページ (932) で表示できない文字を含んでいます。データの損失を防ぐために、ファイルを Unicode 形式で保存してください。
  (ソース ファイル 'door.cpp' をコンパイルしています)
  
C:\dxlib\DxLib.h(5581,1): warning C4819: ファイルは、現在のコード ページ (932) で表示できない文字を含んでいます。データの損失を防ぐために、ファイルを Unicode 形式で保存してください。
  (ソース ファイル 'door.cpp' をコンパイルしています)
  
C:\Users\GA2A\Desktop\AIGame\AIGames\AIGames\door.cpp(6,8): error C2664: 'int DxLib::LoadGraph(const TCHAR *,int)': 引数 1 を 'const char [15]' から 'const TCHAR *' へ変換できません。
      C:\Users\GA2A\Desktop\AIGame\AIGames\AIGames\door.cpp(6,18):
      指示された型は関連がありません。変換には reinterpret_cast、C スタイル キャストまたはかっこで囲まれた関数スタイル キャストが必要です。
      C:\dxlib\DxLib.h(2681,14):
      'DxLib::LoadGraph' の宣言を確認してください
      C:\Users\GA2A\Desktop\AIGame\AIGames\AIGames\door.cpp(6,8):
      引数リスト '(const char [15])' を一致させようとしているとき
  
C:\Users\GA2A\Desktop\AIGame\AIGames\AIGames\door.cpp(51,27): warning C4244: '引数': 'float' から 'int' への変換です。データが失われる可能性があります。
C:\Users\GA2A\Desktop\AIGame\AIGames\AIGames\door.cpp(51,20): warning C4244: '引数': 'float' から 'int' への変換です。データが失われる可能性があります。
C:\Users\GA2A\Desktop\AIGame\AIGames\AIGames\door.cpp(53,27): warning C4244: '引数': 'float' から 'int' への変換です。データが失われる可能性があります。
C:\Users\GA2A\Desktop\AIGame\AIGames\AIGames\door.cpp(53,20): warning C4244: '引数': 'float' から 'int' への変換です。データが失われる可能性があります。
  fonUI.cpp
C:\dxlib\DxLib.h(1,1): warning C4819: ファイルは、現在のコード ページ (932) で表示できない文字を含んでいます。データの損失を防ぐために、ファイルを Unicode 形式で保存してください。
  (ソース ファイル 'fonUI.cpp' をコンパイルしています)
  
C:\dxlib\DxCompileConfig.h(1,1): warning C4819: ファイルは、現在のコード ページ (932) で表示できない文字を含んでいます。データの損失を防ぐために、ファイルを Unicode 形式で保存してください。
  (ソース ファイル 'fonUI.cpp' をコンパイルしています)
  
C:\dxlib\DxDataType.h(1,1): warning C4819: ファイルは、現在のコード ページ (932) で表示できない文字を含んでいます。データの損失を防ぐために、ファイルを Unicode 形式で保存してください。
  (ソース ファイル 'fonUI.cpp' をコンパイルしています)
  
C:\dxlib\DxCompileConfig.h(1,1): warning C4819: ファイルは、現在のコード ページ (932) で表示できない文字を含んでいます。データの損失を防ぐために、ファイルを Unicode 形式で保存してください。
  (ソース ファイル 'fonUI.cpp' をコンパイルしています)
  
C:\dxlib\DxDataTypeWin.h(1,1): warning C4819: ファイルは、現在のコード ページ (932) で表示できない文字を含んでいます。データの損失を防ぐために、ファイルを Unicode 形式で保存してください。
  (ソース ファイル 'fonUI.cpp' をコンパイルしています)
  
C:\dxlib\DxCompileConfig.h(1,1): warning C4819: ファイルは、現在のコード ページ (932) で表示できない文字を含んでいます。データの損失を防ぐために、ファイルを Unicode 形式で保存してください。
  (ソース ファイル 'fonUI.cpp' をコンパイルしています)
  
C:\dxlib\DxDataTypeWin.h(443,1): warning C4819: ファイルは、現在のコード ページ (932) で表示できない文字を含んでいます。データの損失を防ぐために、ファイルを Unicode 形式で保存してください。
  (ソース ファイル 'fonUI.cpp' をコンパイルしています)
  
C:\dxlib\DxDataTypeWin.h(1089,1): warning C4819: ファイルは、現在のコード ページ (932) で表示できない文字を含んでいます。データの損失を防ぐために、ファイルを Unicode 形式で保存してください。
  (ソース ファイル 'fonUI.cpp' をコンパイルしています)
  
C:\dxlib\DxLib.h(406,1): warning C4819: ファイルは、現在のコード ページ (932) で表示できない文字を含んでいます。データの損失を防ぐために、ファイルを Unicode 形式で保存してください。
  (ソース ファイル 'fonUI.cpp' をコンパイルしています)
  
C:\dxlib\DxLib.h(803,1): warning C4819: ファイルは、現在のコード ページ (932) で表示できない文字を含んでいます。データの損失を防ぐために、ファイルを Unicode 形式で保存してください。
  (ソース ファイル 'fonUI.cpp' をコンパイルしています)
  
C:\dxlib\DxLib.h(1328,1): warning C4819: ファイルは、現在のコード ページ (932) で表示できない文字を含んでいます。データの損失を防ぐために、ファイルを Unicode 形式で保存してください。
  (ソース ファイル 'fonUI.cpp' をコンパイルしています)
  
C:\dxlib\DxLib.h(1842,1): warning C4819: ファイルは、現在のコード ページ (932) で表示できない文字を含んでいます。データの損失を防ぐために、ファイルを Unicode 形式で保存してください。
  (ソース ファイル 'fonUI.cpp' をコンパイルしています)
  
C:\dxlib\DxFunctionWin.h(1,1): warning C4819: ファイルは、現在のコード ページ (932) で表示できない文字を含んでいます。データの損失を防ぐために、ファイルを Unicode 形式で保存してください。
  (ソース ファイル 'fonUI.cpp' をコンパイルしています)
  
C:\dxlib\DxFunctionWin.h(155,1): warning C4819: ファイルは、現在のコード ページ (932) で表示できない文字を含んでいます。データの損失を防ぐために、ファイルを Unicode 形式で保存してください。
  (ソース ファイル 'fonUI.cpp' をコンパイルしています)
  
C:\dxlib\DxFunctionWin.h(337,1): warning C4819: ファイルは、現在のコード ページ (932) で表示できない文字を含んでいます。データの損失を防ぐために、ファイルを Unicode 形式で保存してください。
  (ソース ファイル 'fonUI.cpp' をコンパイルしています)
  
C:\dxlib\DxLib.h(2183,1): warning C4819: ファイルは、現在のコード ページ (932) で表示できない文字を含んでいます。データの損失を防ぐために、ファイルを Unicode 形式で保存してください。
  (ソース ファイル 'fonUI.cpp' をコンパイルしています)
  
C:\dxlib\DxLib.h(2377,1): warning C4819: ファイルは、現在のコード ページ (932) で表示できない文字を含んでいます。データの損失を防ぐために、ファイルを Unicode 形式で保存してください。
  (ソース ファイル 'fonUI.cpp' をコンパイルしています)
  
C:\dxlib\DxLib.h(2572,1): warning C4819: ファイルは、現在のコード ページ (932) で表示できない文字を含んでいます。データの損失を防ぐために、ファイルを Unicode 形式で保存してください。
  (ソース ファイル 'fonUI.cpp' をコンパイルしています)
  
C:\dxlib\DxLib.h(2716,1): warning C4819: ファイルは、現在のコード ページ (932) で表示できない文字を含んでいます。データの損失を防ぐために、ファイルを Unicode 形式で保存してください。
  (ソース ファイル 'fonUI.cpp' をコンパイルしています)
  
C:\dxlib\DxLib.h(2821,1): warning C4819: ファイルは、現在のコード ページ (932) で表示できない文字を含んでいます。データの損失を防ぐために、ファイルを Unicode 形式で保存してください。
  (ソース ファイル 'fonUI.cpp' をコンパイルしています)
  
C:\dxlib\DxLib.h(2954,1): warning C4819: ファイルは、現在のコード ページ (932) で表示できない文字を含んでいます。データの損失を防ぐために、ファイルを Unicode 形式で保存してください。
  (ソース ファイル 'fonUI.cpp' をコンパイルしています)
  
C:\dxlib\DxLib.h(3064,1): warning C4819: ファイルは、現在のコード ページ (932) で表示できない文字を含んでいます。データの損失を防ぐために、ファイルを Unicode 形式で保存してください。
  (ソース ファイル 'fonUI.cpp' をコンパイルしています)
  
C:\dxlib\DxLib.h(3242,1): warning C4819: ファイルは、現在のコード ページ (932) で表示できない文字を含んでいます。データの損失を防ぐために、ファイルを Unicode 形式で保存してください。
  (ソース ファイル 'fonUI.cpp' をコンパイルしています)
  
C:\dxlib\DxLib.h(3381,1): warning C4819: ファイルは、現在のコード ページ (932) で表示できない文字を含んでいます。データの損失を防ぐために、ファイルを Unicode 形式で保存してください。
  (ソース ファイル 'fonUI.cpp' をコンパイルしています)
  
C:\dxlib\DxLib.h(3544,1): warning C4819: ファイルは、現在のコード ページ (932) で表示できない文字を含んでいます。データの損失を防ぐために、ファイルを Unicode 形式で保存してください。
  (ソース ファイル 'fonUI.cpp' をコンパイルしています)
  
C:\dxlib\DxLib.h(3735,1): warning C4819: ファイルは、現在のコード ページ (932) で表示できない文字を含んでいます。データの損失を防ぐために、ファイルを Unicode 形式で保存してください。
  (ソース ファイル 'fonUI.cpp' をコンパイルしています)
  
C:\dxlib\DxLib.h(3844,1): warning C4819: ファイルは、現在のコード ページ (932) で表示できない文字を含んでいます。データの損失を防ぐために、ファイルを Unicode 形式で保存してください。
  (ソース ファイル 'fonUI.cpp' をコンパイルしています)
  
C:\dxlib\DxLib.h(3931,1): warning C4819: ファイルは、現在のコード ページ (932) で表示できない文字を含んでいます。データの損失を防ぐために、ファイルを Unicode 形式で保存してください。
  (ソース ファイル 'fonUI.cpp' をコンパイルしています)
  
C:\dxlib\DxLib.h(4080,1): warning C4819: ファイルは、現在のコード ページ (932) で表示できない文字を含んでいます。データの損失を防ぐために、ファイルを Unicode 形式で保存してください。
  (ソース ファイル 'fonUI.cpp' をコンパイルしています)
  
C:\dxlib\DxLib.h(4586,1): warning C4819: ファイルは、現在のコード ページ (932) で表示できない文字を含んでいます。データの損失を防ぐために、ファイルを Unicode 形式で保存してください。
  (ソース ファイル 'fonUI.cpp' をコンパイルしています)
  
C:\dxlib\DxLib.h(4750,1): warning C4819: ファイルは、現在のコード ページ (932) で表示できない文字を含んでいます。データの損失を防ぐために、ファイルを Unicode 形式で保存してください。
  (ソース ファイル 'fonUI.cpp' をコンパイルしています)
  
C:\dxlib\DxLib.h(4917,1): warning C4819: ファイルは、現在のコード ページ (932) で表示できない文字を含んでいます。データの損失を防ぐために、ファイルを Unicode 形式で保存してください。
  (ソース ファイル 'fonUI.cpp' をコンパイルしています)
  
C:\dxlib\DxLib.h(5069,1): warning C4819: ファイルは、現在のコード ページ (932) で表示できない文字を含んでいます。データの損失を防ぐために、ファイルを Unicode 形式で保存してください。
  (ソース ファイル 'fonUI.cpp' をコンパイルしています)
  
C:\dxlib\DxLib.h(5258,1): warning C4819: ファイルは、現在のコード ページ (932) で表示できない文字を含んでいます。データの損失を防ぐために、ファイルを Unicode 形式で保存してください。
  (ソース ファイル 'fonUI.cpp' をコンパイルしています)
  
C:\dxlib\DxLib.h(5396,1): warning C4819: ファイルは、現在のコード ページ (932) で表示できない文字を含んでいます。データの損失を防ぐために、ファイルを Unicode 形式で保存してください。
  (ソース ファイル 'fonUI.cpp' をコンパイルしています)
  
C:\dxlib\DxLib.h(5581,1): warning C4819: ファイルは、現在のコード ページ (932) で表示できない文字を含んでいます。データの損失を防ぐために、ファイルを Unicode 形式で保存してください。
  (ソース ファイル 'fonUI.cpp' をコンパイルしています)
  
C:\Users\GA2A\Desktop\AIGame\AIGames\AIGames\fonUI.cpp(6,8): error C2664: 'int DxLib::LoadGraph(const TCHAR *,int)': 引数 1 を 'const char [14]' から 'const TCHAR *' へ変換できません。
      C:\Users\GA2A\Desktop\AIGame\AIGames\AIGames\fonUI.cpp(6,18):
      指示された型は関連がありません。変換には reinterpret_cast、C スタイル キャストまたはかっこで囲まれた関数スタイル キャストが必要です。
      C:\dxlib\DxLib.h(2681,14):
      'DxLib::LoadGraph' の宣言を確認してください
      C:\Users\GA2A\Desktop\AIGame\AIGames\AIGames\fonUI.cpp(6,8):
      引数リスト '(const char [14])' を一致させようとしているとき
  
C:\Users\GA2A\Desktop\AIGame\AIGames\AIGames\fonUI.cpp(7,11): error C2664: 'int DxLib::LoadGraph(const TCHAR *,int)': 引数 1 を 'const char [17]' から 'const TCHAR *' へ変換できません。
      C:\Users\GA2A\Desktop\AIGame\AIGames\AIGames\fonUI.cpp(7,21):
      指示された型は関連がありません。変換には reinterpret_cast、C スタイル キャストまたはかっこで囲まれた関数スタイル キャストが必要です。
      C:\dxlib\DxLib.h(2681,14):
      'DxLib::LoadGraph' の宣言を確認してください
      C:\Users\GA2A\Desktop\AIGame\AIGames\AIGames\fonUI.cpp(7,11):
      引数リスト '(const char [17])' を一致させようとしているとき
  
C:\Users\GA2A\Desktop\AIGame\AIGames\AIGames\fonUI.cpp(8,12): error C2664: 'int DxLib::LoadGraph(const TCHAR *,int)': 引数 1 を 'const char [18]' から 'const TCHAR *' へ変換できません。
      C:\Users\GA2A\Desktop\AIGame\AIGames\AIGames\fonUI.cpp(8,22):
      指示された型は関連がありません。変換には reinterpret_cast、C スタイル キャストまたはかっこで囲まれた関数スタイル キャストが必要です。
      C:\dxlib\DxLib.h(2681,14):
      'DxLib::LoadGraph' の宣言を確認してください
      C:\Users\GA2A\Desktop\AIGame\AIGames\AIGames\fonUI.cpp(8,12):
      引数リスト '(const char [18])' を一致させようとしているとき
  
C:\Users\GA2A\Desktop\AIGame\AIGames\AIGames\fonUI.cpp(13,27): warning C4244: '=': 'int' から 'float' への変換です。データが失われる可能性があります。
C:\Users\GA2A\Desktop\AIGame\AIGames\AIGames\fonUI.cpp(14,28): warning C4244: '=': 'int' から 'float' への変換です。データが失われる可能性があります。
C:\Users\GA2A\Desktop\AIGame\AIGames\AIGames\fonUI.cpp(136,22): warning C4244: '引数': 'float' から 'int' への変換です。データが失われる可能性があります。
C:\Users\GA2A\Desktop\AIGame\AIGames\AIGames\fonUI.cpp(136,15): warning C4244: '引数': 'float' から 'int' への変換です。データが失われる可能性があります。
C:\Users\GA2A\Desktop\AIGame\AIGames\AIGames\fonUI.cpp(138,60): warning C4244: '引数': 'float' から 'int' への変換です。データが失われる可能性があります。
C:\Users\GA2A\Desktop\AIGame\AIGames\AIGames\fonUI.cpp(138,22): warning C4244: '引数': 'float' から 'int' への変換です。データが失われる可能性があります。
C:\Users\GA2A\Desktop\AIGame\AIGames\AIGames\fonUI.cpp(140,61): warning C4244: '引数': 'float' から 'int' への変換です。データが失われる可能性があります。
C:\Users\GA2A\Desktop\AIGame\AIGames\AIGames\fonUI.cpp(140,33): warning C4244: '引数': 'float' から 'int' への変換です。データが失われる可能性があります。
  game.cpp
C:\dxlib\DxLib.h(1,1): warning C4819: ファイルは、現在のコード ページ (932) で表示できない文字を含んでいます。データの損失を防ぐために、ファイルを Unicode 形式で保存してください。
  (ソース ファイル 'game.cpp' をコンパイルしています)
  
C:\dxlib\DxCompileConfig.h(1,1): warning C4819: ファイルは、現在のコード ページ (932) で表示できない文字を含んでいます。データの損失を防ぐために、ファイルを Unicode 形式で保存してください。
  (ソース ファイル 'game.cpp' をコンパイルしています)
  
C:\dxlib\DxDataType.h(1,1): warning C4819: ファイルは、現在のコード ページ (932) で表示できない文字を含んでいます。データの損失を防ぐために、ファイルを Unicode 形式で保存してください。
  (ソース ファイル 'game.cpp' をコンパイルしています)
  
C:\dxlib\DxCompileConfig.h(1,1): warning C4819: ファイルは、現在のコード ページ (932) で表示できない文字を含んでいます。データの損失を防ぐために、ファイルを Unicode 形式で保存してください。
  (ソース ファイル 'game.cpp' をコンパイルしています)
  
C:\dxlib\DxDataTypeWin.h(1,1): warning C4819: ファイルは、現在のコード ページ (932) で表示できない文字を含んでいます。データの損失を防ぐために、ファイルを Unicode 形式で保存してください。
  (ソース ファイル 'game.cpp' をコンパイルしています)
  
C:\dxlib\DxCompileConfig.h(1,1): warning C4819: ファイルは、現在のコード ページ (932) で表示できない文字を含んでいます。データの損失を防ぐために、ファイルを Unicode 形式で保存してください。
  (ソース ファイル 'game.cpp' をコンパイルしています)
  
C:\dxlib\DxDataTypeWin.h(443,1): warning C4819: ファイルは、現在のコード ページ (932) で表示できない文字を含んでいます。データの損失を防ぐために、ファイルを Unicode 形式で保存してください。
  (ソース ファイル 'game.cpp' をコンパイルしています)
  
C:\dxlib\DxDataTypeWin.h(1089,1): warning C4819: ファイルは、現在のコード ページ (932) で表示できない文字を含んでいます。データの損失を防ぐために、ファイルを Unicode 形式で保存してください。
  (ソース ファイル 'game.cpp' をコンパイルしています)
  
C:\dxlib\DxLib.h(406,1): warning C4819: ファイルは、現在のコード ページ (932) で表示できない文字を含んでいます。データの損失を防ぐために、ファイルを Unicode 形式で保存してください。
  (ソース ファイル 'game.cpp' をコンパイルしています)
  
C:\dxlib\DxLib.h(803,1): warning C4819: ファイルは、現在のコード ページ (932) で表示できない文字を含んでいます。データの損失を防ぐために、ファイルを Unicode 形式で保存してください。
  (ソース ファイル 'game.cpp' をコンパイルしています)
  
C:\dxlib\DxLib.h(1328,1): warning C4819: ファイルは、現在のコード ページ (932) で表示できない文字を含んでいます。データの損失を防ぐために、ファイルを Unicode 形式で保存してください。
  (ソース ファイル 'game.cpp' をコンパイルしています)
  
C:\dxlib\DxLib.h(1842,1): warning C4819: ファイルは、現在のコード ページ (932) で表示できない文字を含んでいます。データの損失を防ぐために、ファイルを Unicode 形式で保存してください。
  (ソース ファイル 'game.cpp' をコンパイルしています)
  
C:\dxlib\DxFunctionWin.h(1,1): warning C4819: ファイルは、現在のコード ページ (932) で表示できない文字を含んでいます。データの損失を防ぐために、ファイルを Unicode 形式で保存してください。
  (ソース ファイル 'game.cpp' をコンパイルしています)
  
C:\dxlib\DxFunctionWin.h(155,1): warning C4819: ファイルは、現在のコード ページ (932) で表示できない文字を含んでいます。データの損失を防ぐために、ファイルを Unicode 形式で保存してください。
  (ソース ファイル 'game.cpp' をコンパイルしています)
  
C:\dxlib\DxFunctionWin.h(337,1): warning C4819: ファイルは、現在のコード ページ (932) で表示できない文字を含んでいます。データの損失を防ぐために、ファイルを Unicode 形式で保存してください。
  (ソース ファイル 'game.cpp' をコンパイルしています)
  
C:\dxlib\DxLib.h(2183,1): warning C4819: ファイルは、現在のコード ページ (932) で表示できない文字を含んでいます。データの損失を防ぐために、ファイルを Unicode 形式で保存してください。
  (ソース ファイル 'game.cpp' をコンパイルしています)
  
C:\dxlib\DxLib.h(2377,1): warning C4819: ファイルは、現在のコード ページ (932) で表示できない文字を含んでいます。データの損失を防ぐために、ファイルを Unicode 形式で保存してください。
  (ソース ファイル 'game.cpp' をコンパイルしています)
  
C:\dxlib\DxLib.h(2572,1): warning C4819: ファイルは、現在のコード ページ (932) で表示できない文字を含んでいます。データの損失を防ぐために、ファイルを Unicode 形式で保存してください。
  (ソース ファイル 'game.cpp' をコンパイルしています)
  
C:\dxlib\DxLib.h(2716,1): warning C4819: ファイルは、現在のコード ページ (932) で表示できない文字を含んでいます。データの損失を防ぐために、ファイルを Unicode 形式で保存してください。
  (ソース ファイル 'game.cpp' をコンパイルしています)
  
C:\dxlib\DxLib.h(2821,1): warning C4819: ファイルは、現在のコード ページ (932) で表示できない文字を含んでいます。データの損失を防ぐために、ファイルを Unicode 形式で保存してください。
  (ソース ファイル 'game.cpp' をコンパイルしています)
  
C:\dxlib\DxLib.h(2954,1): warning C4819: ファイルは、現在のコード ページ (932) で表示できない文字を含んでいます。データの損失を防ぐために、ファイルを Unicode 形式で保存してください。
  (ソース ファイル 'game.cpp' をコンパイルしています)
  
C:\dxlib\DxLib.h(3064,1): warning C4819: ファイルは、現在のコード ページ (932) で表示できない文字を含んでいます。データの損失を防ぐために、ファイルを Unicode 形式で保存してください。
  (ソース ファイル 'game.cpp' をコンパイルしています)
  
C:\dxlib\DxLib.h(3242,1): warning C4819: ファイルは、現在のコード ページ (932) で表示できない文字を含んでいます。データの損失を防ぐために、ファイルを Unicode 形式で保存してください。
  (ソース ファイル 'game.cpp' をコンパイルしています)
  
C:\dxlib\DxLib.h(3381,1): warning C4819: ファイルは、現在のコード ページ (932) で表示できない文字を含んでいます。データの損失を防ぐために、ファイルを Unicode 形式で保存してください。
  (ソース ファイル 'game.cpp' をコンパイルしています)
  
C:\dxlib\DxLib.h(3544,1): warning C4819: ファイルは、現在のコード ページ (932) で表示できない文字を含んでいます。データの損失を防ぐために、ファイルを Unicode 形式で保存してください。
  (ソース ファイル 'game.cpp' をコンパイルしています)
  
C:\dxlib\DxLib.h(3735,1): warning C4819: ファイルは、現在のコード ページ (932) で表示できない文字を含んでいます。データの損失を防ぐために、ファイルを Unicode 形式で保存してください。
  (ソース ファイル 'game.cpp' をコンパイルしています)
  
C:\dxlib\DxLib.h(3844,1): warning C4819: ファイルは、現在のコード ページ (932) で表示できない文字を含んでいます。データの損失を防ぐために、ファイルを Unicode 形式で保存してください。
  (ソース ファイル 'game.cpp' をコンパイルしています)
  
C:\dxlib\DxLib.h(3931,1): warning C4819: ファイルは、現在のコード ページ (932) で表示できない文字を含んでいます。データの損失を防ぐために、ファイルを Unicode 形式で保存してください。
  (ソース ファイル 'game.cpp' をコンパイルしています)
  
C:\dxlib\DxLib.h(4080,1): warning C4819: ファイルは、現在のコード ページ (932) で表示できない文字を含んでいます。データの損失を防ぐために、ファイルを Unicode 形式で保存してください。
  (ソース ファイル 'game.cpp' をコンパイルしています)
  
C:\dxlib\DxLib.h(4586,1): warning C4819: ファイルは、現在のコード ページ (932) で表示できない文字を含んでいます。データの損失を防ぐために、ファイルを Unicode 形式で保存してください。
  (ソース ファイル 'game.cpp' をコンパイルしています)
  
C:\dxlib\DxLib.h(4750,1): warning C4819: ファイルは、現在のコード ページ (932) で表示できない文字を含んでいます。データの損失を防ぐために、ファイルを Unicode 形式で保存してください。
  (ソース ファイル 'game.cpp' をコンパイルしています)
  
C:\dxlib\DxLib.h(4917,1): warning C4819: ファイルは、現在のコード ページ (932) で表示できない文字を含んでいます。データの損失を防ぐために、ファイルを Unicode 形式で保存してください。
  (ソース ファイル 'game.cpp' をコンパイルしています)
  
C:\dxlib\DxLib.h(5069,1): warning C4819: ファイルは、現在のコード ページ (932) で表示できない文字を含んでいます。データの損失を防ぐために、ファイルを Unicode 形式で保存してください。
  (ソース ファイル 'game.cpp' をコンパイルしています)
  
C:\dxlib\DxLib.h(5258,1): warning C4819: ファイルは、現在のコード ページ (932) で表示できない文字を含んでいます。データの損失を防ぐために、ファイルを Unicode 形式で保存してください。
  (ソース ファイル 'game.cpp' をコンパイルしています)
  
C:\dxlib\DxLib.h(5396,1): warning C4819: ファイルは、現在のコード ページ (932) で表示できない文字を含んでいます。データの損失を防ぐために、ファイルを Unicode 形式で保存してください。
  (ソース ファイル 'game.cpp' をコンパイルしています)
  
C:\dxlib\DxLib.h(5581,1): warning C4819: ファイルは、現在のコード ページ (932) で表示できない文字を含んでいます。データの損失を防ぐために、ファイルを Unicode 形式で保存してください。
  (ソース ファイル 'game.cpp' をコンパイルしています)
  
C:\Users\GA2A\Desktop\AIGame\AIGames\AIGames\game.cpp(23,20): warning C4018: '<': signed と unsigned の数値を比較しようとしました。
C:\Users\GA2A\Desktop\AIGame\AIGames\AIGames\game.cpp(105,20): warning C4018: '<': signed と unsigned の数値を比較しようとしました。
  library_function.cpp
C:\dxlib\DxLib.h(1,1): warning C4819: ファイルは、現在のコード ページ (932) で表示できない文字を含んでいます。データの損失を防ぐために、ファイルを Unicode 形式で保存してください。
  (ソース ファイル 'library_function.cpp' をコンパイルしています)
  
C:\dxlib\DxCompileConfig.h(1,1): warning C4819: ファイルは、現在のコード ページ (932) で表示できない文字を含んでいます。データの損失を防ぐために、ファイルを Unicode 形式で保存してください。
  (ソース ファイル 'library_function.cpp' をコンパイルしています)
  
C:\dxlib\DxDataType.h(1,1): warning C4819: ファイルは、現在のコード ページ (932) で表示できない文字を含んでいます。データの損失を防ぐために、ファイルを Unicode 形式で保存してください。
  (ソース ファイル 'library_function.cpp' をコンパイルしています)
  
C:\dxlib\DxCompileConfig.h(1,1): warning C4819: ファイルは、現在のコード ページ (932) で表示できない文字を含んでいます。データの損失を防ぐために、ファイルを Unicode 形式で保存してください。
  (ソース ファイル 'library_function.cpp' をコンパイルしています)
  
C:\dxlib\DxDataTypeWin.h(1,1): warning C4819: ファイルは、現在のコード ページ (932) で表示できない文字を含んでいます。データの損失を防ぐために、ファイルを Unicode 形式で保存してください。
  (ソース ファイル 'library_function.cpp' をコンパイルしています)
  
C:\dxlib\DxCompileConfig.h(1,1): warning C4819: ファイルは、現在のコード ページ (932) で表示できない文字を含んでいます。データの損失を防ぐために、ファイルを Unicode 形式で保存してください。
  (ソース ファイル 'library_function.cpp' をコンパイルしています)
  
C:\dxlib\DxDataTypeWin.h(443,1): warning C4819: ファイルは、現在のコード ページ (932) で表示できない文字を含んでいます。データの損失を防ぐために、ファイルを Unicode 形式で保存してください。
  (ソース ファイル 'library_function.cpp' をコンパイルしています)
  
C:\dxlib\DxDataTypeWin.h(1089,1): warning C4819: ファイルは、現在のコード ページ (932) で表示できない文字を含んでいます。データの損失を防ぐために、ファイルを Unicode 形式で保存してください。
  (ソース ファイル 'library_function.cpp' をコンパイルしています)
  
C:\dxlib\DxLib.h(406,1): warning C4819: ファイルは、現在のコード ページ (932) で表示できない文字を含んでいます。データの損失を防ぐために、ファイルを Unicode 形式で保存してください。
  (ソース ファイル 'library_function.cpp' をコンパイルしています)
  
C:\dxlib\DxLib.h(803,1): warning C4819: ファイルは、現在のコード ページ (932) で表示できない文字を含んでいます。データの損失を防ぐために、ファイルを Unicode 形式で保存してください。
  (ソース ファイル 'library_function.cpp' をコンパイルしています)
  
C:\dxlib\DxLib.h(1328,1): warning C4819: ファイルは、現在のコード ページ (932) で表示できない文字を含んでいます。データの損失を防ぐために、ファイルを Unicode 形式で保存してください。
  (ソース ファイル 'library_function.cpp' をコンパイルしています)
  
C:\dxlib\DxLib.h(1842,1): warning C4819: ファイルは、現在のコード ページ (932) で表示できない文字を含んでいます。データの損失を防ぐために、ファイルを Unicode 形式で保存してください。
  (ソース ファイル 'library_function.cpp' をコンパイルしています)
  
C:\dxlib\DxFunctionWin.h(1,1): warning C4819: ファイルは、現在のコード ページ (932) で表示できない文字を含んでいます。データの損失を防ぐために、ファイルを Unicode 形式で保存してください。
  (ソース ファイル 'library_function.cpp' をコンパイルしています)
  
C:\dxlib\DxFunctionWin.h(155,1): warning C4819: ファイルは、現在のコード ページ (932) で表示できない文字を含んでいます。データの損失を防ぐために、ファイルを Unicode 形式で保存してください。
  (ソース ファイル 'library_function.cpp' をコンパイルしています)
  
C:\dxlib\DxFunctionWin.h(337,1): warning C4819: ファイルは、現在のコード ページ (932) で表示できない文字を含んでいます。データの損失を防ぐために、ファイルを Unicode 形式で保存してください。
  (ソース ファイル 'library_function.cpp' をコンパイルしています)
  
C:\dxlib\DxLib.h(2183,1): warning C4819: ファイルは、現在のコード ページ (932) で表示できない文字を含んでいます。データの損失を防ぐために、ファイルを Unicode 形式で保存してください。
  (ソース ファイル 'library_function.cpp' をコンパイルしています)
  
C:\dxlib\DxLib.h(2377,1): warning C4819: ファイルは、現在のコード ページ (932) で表示できない文字を含んでいます。データの損失を防ぐために、ファイルを Unicode 形式で保存してください。
  (ソース ファイル 'library_function.cpp' をコンパイルしています)
  
C:\dxlib\DxLib.h(2572,1): warning C4819: ファイルは、現在のコード ページ (932) で表示できない文字を含んでいます。データの損失を防ぐために、ファイルを Unicode 形式で保存してください。
  (ソース ファイル 'library_function.cpp' をコンパイルしています)
  
C:\dxlib\DxLib.h(2716,1): warning C4819: ファイルは、現在のコード ページ (932) で表示できない文字を含んでいます。データの損失を防ぐために、ファイルを Unicode 形式で保存してください。
  (ソース ファイル 'library_function.cpp' をコンパイルしています)
  
C:\dxlib\DxLib.h(2821,1): warning C4819: ファイルは、現在のコード ページ (932) で表示できない文字を含んでいます。データの損失を防ぐために、ファイルを Unicode 形式で保存してください。
  (ソース ファイル 'library_function.cpp' をコンパイルしています)
  
C:\dxlib\DxLib.h(2954,1): warning C4819: ファイルは、現在のコード ページ (932) で表示できない文字を含んでいます。データの損失を防ぐために、ファイルを Unicode 形式で保存してください。
  (ソース ファイル 'library_function.cpp' をコンパイルしています)
  
C:\dxlib\DxLib.h(3064,1): warning C4819: ファイルは、現在のコード ページ (932) で表示できない文字を含んでいます。データの損失を防ぐために、ファイルを Unicode 形式で保存してください。
  (ソース ファイル 'library_function.cpp' をコンパイルしています)
  
C:\dxlib\DxLib.h(3242,1): warning C4819: ファイルは、現在のコード ページ (932) で表示できない文字を含んでいます。データの損失を防ぐために、ファイルを Unicode 形式で保存してください。
  (ソース ファイル 'library_function.cpp' をコンパイルしています)
  
C:\dxlib\DxLib.h(3381,1): warning C4819: ファイルは、現在のコード ページ (932) で表示できない文字を含んでいます。データの損失を防ぐために、ファイルを Unicode 形式で保存してください。
  (ソース ファイル 'library_function.cpp' をコンパイルしています)
  
C:\dxlib\DxLib.h(3544,1): warning C4819: ファイルは、現在のコード ページ (932) で表示できない文字を含んでいます。データの損失を防ぐために、ファイルを Unicode 形式で保存してください。
  (ソース ファイル 'library_function.cpp' をコンパイルしています)
  
C:\dxlib\DxLib.h(3735,1): warning C4819: ファイルは、現在のコード ページ (932) で表示できない文字を含んでいます。データの損失を防ぐために、ファイルを Unicode 形式で保存してください。
  (ソース ファイル 'library_function.cpp' をコンパイルしています)
  
C:\dxlib\DxLib.h(3844,1): warning C4819: ファイルは、現在のコード ページ (932) で表示できない文字を含んでいます。データの損失を防ぐために、ファイルを Unicode 形式で保存してください。
  (ソース ファイル 'library_function.cpp' をコンパイルしています)
  
C:\dxlib\DxLib.h(3931,1): warning C4819: ファイルは、現在のコード ページ (932) で表示できない文字を含んでいます。データの損失を防ぐために、ファイルを Unicode 形式で保存してください。
  (ソース ファイル 'library_function.cpp' をコンパイルしています)
  
C:\dxlib\DxLib.h(4080,1): warning C4819: ファイルは、現在のコード ページ (932) で表示できない文字を含んでいます。データの損失を防ぐために、ファイルを Unicode 形式で保存してください。
  (ソース ファイル 'library_function.cpp' をコンパイルしています)
  
C:\dxlib\DxLib.h(4586,1): warning C4819: ファイルは、現在のコード ページ (932) で表示できない文字を含んでいます。データの損失を防ぐために、ファイルを Unicode 形式で保存してください。
  (ソース ファイル 'library_function.cpp' をコンパイルしています)
  
C:\dxlib\DxLib.h(4750,1): warning C4819: ファイルは、現在のコード ページ (932) で表示できない文字を含んでいます。データの損失を防ぐために、ファイルを Unicode 形式で保存してください。
  (ソース ファイル 'library_function.cpp' をコンパイルしています)
  
C:\dxlib\DxLib.h(4917,1): warning C4819: ファイルは、現在のコード ページ (932) で表示できない文字を含んでいます。データの損失を防ぐために、ファイルを Unicode 形式で保存してください。
  (ソース ファイル 'library_function.cpp' をコンパイルしています)
  
C:\dxlib\DxLib.h(5069,1): warning C4819: ファイルは、現在のコード ページ (932) で表示できない文字を含んでいます。データの損失を防ぐために、ファイルを Unicode 形式で保存してください。
  (ソース ファイル 'library_function.cpp' をコンパイルしています)
  
C:\dxlib\DxLib.h(5258,1): warning C4819: ファイルは、現在のコード ページ (932) で表示できない文字を含んでいます。データの損失を防ぐために、ファイルを Unicode 形式で保存してください。
  (ソース ファイル 'library_function.cpp' をコンパイルしています)
  
C:\dxlib\DxLib.h(5396,1): warning C4819: ファイルは、現在のコード ページ (932) で表示できない文字を含んでいます。データの損失を防ぐために、ファイルを Unicode 形式で保存してください。
  (ソース ファイル 'library_function.cpp' をコンパイルしています)
  
C:\dxlib\DxLib.h(5581,1): warning C4819: ファイルは、現在のコード ページ (932) で表示できない文字を含んでいます。データの損失を防ぐために、ファイルを Unicode 形式で保存してください。
  (ソース ファイル 'library_function.cpp' をコンパイルしています)
  
  main.cpp
C:\dxlib\DxLib.h(1,1): warning C4819: ファイルは、現在のコード ページ (932) で表示できない文字を含んでいます。データの損失を防ぐために、ファイルを Unicode 形式で保存してください。
  (ソース ファイル 'main.cpp' をコンパイルしています)
  
C:\dxlib\DxCompileConfig.h(1,1): warning C4819: ファイルは、現在のコード ページ (932) で表示できない文字を含んでいます。データの損失を防ぐために、ファイルを Unicode 形式で保存してください。
  (ソース ファイル 'main.cpp' をコンパイルしています)
  
C:\dxlib\DxDataType.h(1,1): warning C4819: ファイルは、現在のコード ページ (932) で表示できない文字を含んでいます。データの損失を防ぐために、ファイルを Unicode 形式で保存してください。
  (ソース ファイル 'main.cpp' をコンパイルしています)
  
C:\dxlib\DxCompileConfig.h(1,1): warning C4819: ファイルは、現在のコード ページ (932) で表示できない文字を含んでいます。データの損失を防ぐために、ファイルを Unicode 形式で保存してください。
  (ソース ファイル 'main.cpp' をコンパイルしています)
  
C:\dxlib\DxDataTypeWin.h(1,1): warning C4819: ファイルは、現在のコード ページ (932) で表示できない文字を含んでいます。データの損失を防ぐために、ファイルを Unicode 形式で保存してください。
  (ソース ファイル 'main.cpp' をコンパイルしています)
  
C:\dxlib\DxCompileConfig.h(1,1): warning C4819: ファイルは、現在のコード ページ (932) で表示できない文字を含んでいます。データの損失を防ぐために、ファイルを Unicode 形式で保存してください。
  (ソース ファイル 'main.cpp' をコンパイルしています)
  
C:\dxlib\DxDataTypeWin.h(443,1): warning C4819: ファイルは、現在のコード ページ (932) で表示できない文字を含んでいます。データの損失を防ぐために、ファイルを Unicode 形式で保存してください。
  (ソース ファイル 'main.cpp' をコンパイルしています)
  
C:\dxlib\DxDataTypeWin.h(1089,1): warning C4819: ファイルは、現在のコード ページ (932) で表示できない文字を含んでいます。データの損失を防ぐために、ファイルを Unicode 形式で保存してください。
  (ソース ファイル 'main.cpp' をコンパイルしています)
  
C:\dxlib\DxLib.h(406,1): warning C4819: ファイルは、現在のコード ページ (932) で表示できない文字を含んでいます。データの損失を防ぐために、ファイルを Unicode 形式で保存してください。
  (ソース ファイル 'main.cpp' をコンパイルしています)
  
C:\dxlib\DxLib.h(803,1): warning C4819: ファイルは、現在のコード ページ (932) で表示できない文字を含んでいます。データの損失を防ぐために、ファイルを Unicode 形式で保存してください。
  (ソース ファイル 'main.cpp' をコンパイルしています)
  
C:\dxlib\DxLib.h(1328,1): warning C4819: ファイルは、現在のコード ページ (932) で表示できない文字を含んでいます。データの損失を防ぐために、ファイルを Unicode 形式で保存してください。
  (ソース ファイル 'main.cpp' をコンパイルしています)
  
C:\dxlib\DxLib.h(1842,1): warning C4819: ファイルは、現在のコード ページ (932) で表示できない文字を含んでいます。データの損失を防ぐために、ファイルを Unicode 形式で保存してください。
  (ソース ファイル 'main.cpp' をコンパイルしています)
  
C:\dxlib\DxFunctionWin.h(1,1): warning C4819: ファイルは、現在のコード ページ (932) で表示できない文字を含んでいます。データの損失を防ぐために、ファイルを Unicode 形式で保存してください。
  (ソース ファイル 'main.cpp' をコンパイルしています)
  
C:\dxlib\DxFunctionWin.h(155,1): warning C4819: ファイルは、現在のコード ページ (932) で表示できない文字を含んでいます。データの損失を防ぐために、ファイルを Unicode 形式で保存してください。
  (ソース ファイル 'main.cpp' をコンパイルしています)
  
C:\dxlib\DxFunctionWin.h(337,1): warning C4819: ファイルは、現在のコード ページ (932) で表示できない文字を含んでいます。データの損失を防ぐために、ファイルを Unicode 形式で保存してください。
  (ソース ファイル 'main.cpp' をコンパイルしています)
  
C:\dxlib\DxLib.h(2183,1): warning C4819: ファイルは、現在のコード ページ (932) で表示できない文字を含んでいます。データの損失を防ぐために、ファイルを Unicode 形式で保存してください。
  (ソース ファイル 'main.cpp' をコンパイルしています)
  
C:\dxlib\DxLib.h(2377,1): warning C4819: ファイルは、現在のコード ページ (932) で表示できない文字を含んでいます。データの損失を防ぐために、ファイルを Unicode 形式で保存してください。
  (ソース ファイル 'main.cpp' をコンパイルしています)
  
C:\dxlib\DxLib.h(2572,1): warning C4819: ファイルは、現在のコード ページ (932) で表示できない文字を含んでいます。データの損失を防ぐために、ファイルを Unicode 形式で保存してください。
  (ソース ファイル 'main.cpp' をコンパイルしています)
  
C:\dxlib\DxLib.h(2716,1): warning C4819: ファイルは、現在のコード ページ (932) で表示できない文字を含んでいます。データの損失を防ぐために、ファイルを Unicode 形式で保存してください。
  (ソース ファイル 'main.cpp' をコンパイルしています)
  
C:\dxlib\DxLib.h(2821,1): warning C4819: ファイルは、現在のコード ページ (932) で表示できない文字を含んでいます。データの損失を防ぐために、ファイルを Unicode 形式で保存してください。
  (ソース ファイル 'main.cpp' をコンパイルしています)
  
C:\dxlib\DxLib.h(2954,1): warning C4819: ファイルは、現在のコード ページ (932) で表示できない文字を含んでいます。データの損失を防ぐために、ファイルを Unicode 形式で保存してください。
  (ソース ファイル 'main.cpp' をコンパイルしています)
  
C:\dxlib\DxLib.h(3064,1): warning C4819: ファイルは、現在のコード ページ (932) で表示できない文字を含んでいます。データの損失を防ぐために、ファイルを Unicode 形式で保存してください。
  (ソース ファイル 'main.cpp' をコンパイルしています)
  
C:\dxlib\DxLib.h(3242,1): warning C4819: ファイルは、現在のコード ページ (932) で表示できない文字を含んでいます。データの損失を防ぐために、ファイルを Unicode 形式で保存してください。
  (ソース ファイル 'main.cpp' をコンパイルしています)
  
C:\dxlib\DxLib.h(3381,1): warning C4819: ファイルは、現在のコード ページ (932) で表示できない文字を含んでいます。データの損失を防ぐために、ファイルを Unicode 形式で保存してください。
  (ソース ファイル 'main.cpp' をコンパイルしています)
  
C:\dxlib\DxLib.h(3544,1): warning C4819: ファイルは、現在のコード ページ (932) で表示できない文字を含んでいます。データの損失を防ぐために、ファイルを Unicode 形式で保存してください。
  (ソース ファイル 'main.cpp' をコンパイルしています)
  
C:\dxlib\DxLib.h(3735,1): warning C4819: ファイルは、現在のコード ページ (932) で表示できない文字を含んでいます。データの損失を防ぐために、ファイルを Unicode 形式で保存してください。
  (ソース ファイル 'main.cpp' をコンパイルしています)
  
C:\dxlib\DxLib.h(3844,1): warning C4819: ファイルは、現在のコード ページ (932) で表示できない文字を含んでいます。データの損失を防ぐために、ファイルを Unicode 形式で保存してください。
  (ソース ファイル 'main.cpp' をコンパイルしています)
  
C:\dxlib\DxLib.h(3931,1): warning C4819: ファイルは、現在のコード ページ (932) で表示できない文字を含んでいます。データの損失を防ぐために、ファイルを Unicode 形式で保存してください。
  (ソース ファイル 'main.cpp' をコンパイルしています)
  
C:\dxlib\DxLib.h(4080,1): warning C4819: ファイルは、現在のコード ページ (932) で表示できない文字を含んでいます。データの損失を防ぐために、ファイルを Unicode 形式で保存してください。
  (ソース ファイル 'main.cpp' をコンパイルしています)
  
C:\dxlib\DxLib.h(4586,1): warning C4819: ファイルは、現在のコード ページ (932) で表示できない文字を含んでいます。データの損失を防ぐために、ファイルを Unicode 形式で保存してください。
  (ソース ファイル 'main.cpp' をコンパイルしています)
  
C:\dxlib\DxLib.h(4750,1): warning C4819: ファイルは、現在のコード ページ (932) で表示できない文字を含んでいます。データの損失を防ぐために、ファイルを Unicode 形式で保存してください。
  (ソース ファイル 'main.cpp' をコンパイルしています)
  
C:\dxlib\DxLib.h(4917,1): warning C4819: ファイルは、現在のコード ページ (932) で表示できない文字を含んでいます。データの損失を防ぐために、ファイルを Unicode 形式で保存してください。
  (ソース ファイル 'main.cpp' をコンパイルしています)
  
C:\dxlib\DxLib.h(5069,1): warning C4819: ファイルは、現在のコード ページ (932) で表示できない文字を含んでいます。データの損失を防ぐために、ファイルを Unicode 形式で保存してください。
  (ソース ファイル 'main.cpp' をコンパイルしています)
  
C:\dxlib\DxLib.h(5258,1): warning C4819: ファイルは、現在のコード ページ (932) で表示できない文字を含んでいます。データの損失を防ぐために、ファイルを Unicode 形式で保存してください。
  (ソース ファイル 'main.cpp' をコンパイルしています)
  
C:\dxlib\DxLib.h(5396,1): warning C4819: ファイルは、現在のコード ページ (932) で表示できない文字を含んでいます。データの損失を防ぐために、ファイルを Unicode 形式で保存してください。
  (ソース ファイル 'main.cpp' をコンパイルしています)
  
C:\dxlib\DxLib.h(5581,1): warning C4819: ファイルは、現在のコード ページ (932) で表示できない文字を含んでいます。データの損失を防ぐために、ファイルを Unicode 形式で保存してください。
  (ソース ファイル 'main.cpp' をコンパイルしています)
  
C:\Users\GA2A\Desktop\AIGame\AIGames\AIGames\main.cpp(32,2): error C2665: 'DxLib::SetWindowTextW': オーバーロードされた関数ですべての引数の型を変換できませんでした
      C:\dxlib\DxFunctionWin.h(75,14):
      'int DxLib::SetWindowTextW(const TCHAR *)' の可能性があります
          C:\Users\GA2A\Desktop\AIGame\AIGames\AIGames\main.cpp(32,2):
          'int DxLib::SetWindowTextW(const TCHAR *)': 引数 1 を 'const char [1]' から 'const TCHAR *' へ変換できません。
              C:\Users\GA2A\Desktop\AIGame\AIGames\AIGames\main.cpp(32,16):
              指示された型は関連がありません。変換には reinterpret_cast、C スタイル キャストまたはかっこで囲まれた関数スタイル キャストが必要です。
      C:\Users\GA2A\Desktop\AIGame\AIGames\AIGames\main.cpp(32,2):
      引数リスト '(const char [1])' を一致させようとしているとき
  
  map.cpp
C:\dxlib\DxLib.h(1,1): warning C4819: ファイルは、現在のコード ページ (932) で表示できない文字を含んでいます。データの損失を防ぐために、ファイルを Unicode 形式で保存してください。
  (ソース ファイル 'map.cpp' をコンパイルしています)
  
C:\dxlib\DxCompileConfig.h(1,1): warning C4819: ファイルは、現在のコード ページ (932) で表示できない文字を含んでいます。データの損失を防ぐために、ファイルを Unicode 形式で保存してください。
  (ソース ファイル 'map.cpp' をコンパイルしています)
  
C:\dxlib\DxDataType.h(1,1): warning C4819: ファイルは、現在のコード ページ (932) で表示できない文字を含んでいます。データの損失を防ぐために、ファイルを Unicode 形式で保存してください。
  (ソース ファイル 'map.cpp' をコンパイルしています)
  
C:\dxlib\DxCompileConfig.h(1,1): warning C4819: ファイルは、現在のコード ページ (932) で表示できない文字を含んでいます。データの損失を防ぐために、ファイルを Unicode 形式で保存してください。
  (ソース ファイル 'map.cpp' をコンパイルしています)
  
C:\dxlib\DxDataTypeWin.h(1,1): warning C4819: ファイルは、現在のコード ページ (932) で表示できない文字を含んでいます。データの損失を防ぐために、ファイルを Unicode 形式で保存してください。
  (ソース ファイル 'map.cpp' をコンパイルしています)
  
C:\dxlib\DxCompileConfig.h(1,1): warning C4819: ファイルは、現在のコード ページ (932) で表示できない文字を含んでいます。データの損失を防ぐために、ファイルを Unicode 形式で保存してください。
  (ソース ファイル 'map.cpp' をコンパイルしています)
  
C:\dxlib\DxDataTypeWin.h(443,1): warning C4819: ファイルは、現在のコード ページ (932) で表示できない文字を含んでいます。データの損失を防ぐために、ファイルを Unicode 形式で保存してください。
  (ソース ファイル 'map.cpp' をコンパイルしています)
  
C:\dxlib\DxDataTypeWin.h(1089,1): warning C4819: ファイルは、現在のコード ページ (932) で表示できない文字を含んでいます。データの損失を防ぐために、ファイルを Unicode 形式で保存してください。
  (ソース ファイル 'map.cpp' をコンパイルしています)
  
C:\dxlib\DxLib.h(406,1): warning C4819: ファイルは、現在のコード ページ (932) で表示できない文字を含んでいます。データの損失を防ぐために、ファイルを Unicode 形式で保存してください。
  (ソース ファイル 'map.cpp' をコンパイルしています)
  
C:\dxlib\DxLib.h(803,1): warning C4819: ファイルは、現在のコード ページ (932) で表示できない文字を含んでいます。データの損失を防ぐために、ファイルを Unicode 形式で保存してください。
  (ソース ファイル 'map.cpp' をコンパイルしています)
  
C:\dxlib\DxLib.h(1328,1): warning C4819: ファイルは、現在のコード ページ (932) で表示できない文字を含んでいます。データの損失を防ぐために、ファイルを Unicode 形式で保存してください。
  (ソース ファイル 'map.cpp' をコンパイルしています)
  
C:\dxlib\DxLib.h(1842,1): warning C4819: ファイルは、現在のコード ページ (932) で表示できない文字を含んでいます。データの損失を防ぐために、ファイルを Unicode 形式で保存してください。
  (ソース ファイル 'map.cpp' をコンパイルしています)
  
C:\dxlib\DxFunctionWin.h(1,1): warning C4819: ファイルは、現在のコード ページ (932) で表示できない文字を含んでいます。データの損失を防ぐために、ファイルを Unicode 形式で保存してください。
  (ソース ファイル 'map.cpp' をコンパイルしています)
  
C:\dxlib\DxFunctionWin.h(155,1): warning C4819: ファイルは、現在のコード ページ (932) で表示できない文字を含んでいます。データの損失を防ぐために、ファイルを Unicode 形式で保存してください。
  (ソース ファイル 'map.cpp' をコンパイルしています)
  
C:\dxlib\DxFunctionWin.h(337,1): warning C4819: ファイルは、現在のコード ページ (932) で表示できない文字を含んでいます。データの損失を防ぐために、ファイルを Unicode 形式で保存してください。
  (ソース ファイル 'map.cpp' をコンパイルしています)
  
C:\dxlib\DxLib.h(2183,1): warning C4819: ファイルは、現在のコード ページ (932) で表示できない文字を含んでいます。データの損失を防ぐために、ファイルを Unicode 形式で保存してください。
  (ソース ファイル 'map.cpp' をコンパイルしています)
  
C:\dxlib\DxLib.h(2377,1): warning C4819: ファイルは、現在のコード ページ (932) で表示できない文字を含んでいます。データの損失を防ぐために、ファイルを Unicode 形式で保存してください。
  (ソース ファイル 'map.cpp' をコンパイルしています)
  
C:\dxlib\DxLib.h(2572,1): warning C4819: ファイルは、現在のコード ページ (932) で表示できない文字を含んでいます。データの損失を防ぐために、ファイルを Unicode 形式で保存してください。
  (ソース ファイル 'map.cpp' をコンパイルしています)
  
C:\dxlib\DxLib.h(2716,1): warning C4819: ファイルは、現在のコード ページ (932) で表示できない文字を含んでいます。データの損失を防ぐために、ファイルを Unicode 形式で保存してください。
  (ソース ファイル 'map.cpp' をコンパイルしています)
  
C:\dxlib\DxLib.h(2821,1): warning C4819: ファイルは、現在のコード ページ (932) で表示できない文字を含んでいます。データの損失を防ぐために、ファイルを Unicode 形式で保存してください。
  (ソース ファイル 'map.cpp' をコンパイルしています)
  
C:\dxlib\DxLib.h(2954,1): warning C4819: ファイルは、現在のコード ページ (932) で表示できない文字を含んでいます。データの損失を防ぐために、ファイルを Unicode 形式で保存してください。
  (ソース ファイル 'map.cpp' をコンパイルしています)
  
C:\dxlib\DxLib.h(3064,1): warning C4819: ファイルは、現在のコード ページ (932) で表示できない文字を含んでいます。データの損失を防ぐために、ファイルを Unicode 形式で保存してください。
  (ソース ファイル 'map.cpp' をコンパイルしています)
  
C:\dxlib\DxLib.h(3242,1): warning C4819: ファイルは、現在のコード ページ (932) で表示できない文字を含んでいます。データの損失を防ぐために、ファイルを Unicode 形式で保存してください。
  (ソース ファイル 'map.cpp' をコンパイルしています)
  
C:\dxlib\DxLib.h(3381,1): warning C4819: ファイルは、現在のコード ページ (932) で表示できない文字を含んでいます。データの損失を防ぐために、ファイルを Unicode 形式で保存してください。
  (ソース ファイル 'map.cpp' をコンパイルしています)
  
C:\dxlib\DxLib.h(3544,1): warning C4819: ファイルは、現在のコード ページ (932) で表示できない文字を含んでいます。データの損失を防ぐために、ファイルを Unicode 形式で保存してください。
  (ソース ファイル 'map.cpp' をコンパイルしています)
  
C:\dxlib\DxLib.h(3735,1): warning C4819: ファイルは、現在のコード ページ (932) で表示できない文字を含んでいます。データの損失を防ぐために、ファイルを Unicode 形式で保存してください。
  (ソース ファイル 'map.cpp' をコンパイルしています)
  
C:\dxlib\DxLib.h(3844,1): warning C4819: ファイルは、現在のコード ページ (932) で表示できない文字を含んでいます。データの損失を防ぐために、ファイルを Unicode 形式で保存してください。
  (ソース ファイル 'map.cpp' をコンパイルしています)
  
C:\dxlib\DxLib.h(3931,1): warning C4819: ファイルは、現在のコード ページ (932) で表示できない文字を含んでいます。データの損失を防ぐために、ファイルを Unicode 形式で保存してください。
  (ソース ファイル 'map.cpp' をコンパイルしています)
  
C:\dxlib\DxLib.h(4080,1): warning C4819: ファイルは、現在のコード ページ (932) で表示できない文字を含んでいます。データの損失を防ぐために、ファイルを Unicode 形式で保存してください。
  (ソース ファイル 'map.cpp' をコンパイルしています)
  
C:\dxlib\DxLib.h(4586,1): warning C4819: ファイルは、現在のコード ページ (932) で表示できない文字を含んでいます。データの損失を防ぐために、ファイルを Unicode 形式で保存してください。
  (ソース ファイル 'map.cpp' をコンパイルしています)
  
C:\dxlib\DxLib.h(4750,1): warning C4819: ファイルは、現在のコード ページ (932) で表示できない文字を含んでいます。データの損失を防ぐために、ファイルを Unicode 形式で保存してください。
  (ソース ファイル 'map.cpp' をコンパイルしています)
  
C:\dxlib\DxLib.h(4917,1): warning C4819: ファイルは、現在のコード ページ (932) で表示できない文字を含んでいます。データの損失を防ぐために、ファイルを Unicode 形式で保存してください。
  (ソース ファイル 'map.cpp' をコンパイルしています)
  
C:\dxlib\DxLib.h(5069,1): warning C4819: ファイルは、現在のコード ページ (932) で表示できない文字を含んでいます。データの損失を防ぐために、ファイルを Unicode 形式で保存してください。
  (ソース ファイル 'map.cpp' をコンパイルしています)
  
C:\dxlib\DxLib.h(5258,1): warning C4819: ファイルは、現在のコード ページ (932) で表示できない文字を含んでいます。データの損失を防ぐために、ファイルを Unicode 形式で保存してください。
  (ソース ファイル 'map.cpp' をコンパイルしています)
  
C:\dxlib\DxLib.h(5396,1): warning C4819: ファイルは、現在のコード ページ (932) で表示できない文字を含んでいます。データの損失を防ぐために、ファイルを Unicode 形式で保存してください。
  (ソース ファイル 'map.cpp' をコンパイルしています)
  
C:\dxlib\DxLib.h(5581,1): warning C4819: ファイルは、現在のコード ページ (932) で表示できない文字を含んでいます。データの損失を防ぐために、ファイルを Unicode 形式で保存してください。
  (ソース ファイル 'map.cpp' をコンパイルしています)
  
C:\Users\GA2A\Desktop\AIGame\AIGames\AIGames\map.cpp(13,8): error C2664: 'int DxLib::LoadGraph(const TCHAR *,int)': 引数 1 を 'const char [18]' から 'const TCHAR *' へ変換できません。
      C:\Users\GA2A\Desktop\AIGame\AIGames\AIGames\map.cpp(13,18):
      指示された型は関連がありません。変換には reinterpret_cast、C スタイル キャストまたはかっこで囲まれた関数スタイル キャストが必要です。
      C:\dxlib\DxLib.h(2681,14):
      'DxLib::LoadGraph' の宣言を確認してください
      C:\Users\GA2A\Desktop\AIGame\AIGames\AIGames\map.cpp(13,8):
      引数リスト '(const char [18])' を一致させようとしているとき
  
C:\Users\GA2A\Desktop\AIGame\AIGames\AIGames\map.cpp(65,8): error C2664: 'int DxLib::LoadGraph(const TCHAR *,int)': 引数 1 を 'const char [18]' から 'const TCHAR *' へ変換できません。
      C:\Users\GA2A\Desktop\AIGame\AIGames\AIGames\map.cpp(65,18):
      指示された型は関連がありません。変換には reinterpret_cast、C スタイル キャストまたはかっこで囲まれた関数スタイル キャストが必要です。
      C:\dxlib\DxLib.h(2681,14):
      'DxLib::LoadGraph' の宣言を確認してください
      C:\Users\GA2A\Desktop\AIGame\AIGames\AIGames\map.cpp(65,8):
      引数リスト '(const char [18])' を一致させようとしているとき
  
C:\Users\GA2A\Desktop\AIGame\AIGames\AIGames\map.cpp(77,15): warning C4838: 'int' から 'float' への変換には縮小変換が必要です
C:\Users\GA2A\Desktop\AIGame\AIGames\AIGames\map.cpp(77,15): warning C4244: '初期化中': 'int' から 'float' への変換です。データが失われる可能性があります。
C:\Users\GA2A\Desktop\AIGame\AIGames\AIGames\map.cpp(77,31): warning C4838: 'int' から 'float' への変換には縮小変換が必要です
C:\Users\GA2A\Desktop\AIGame\AIGames\AIGames\map.cpp(77,31): warning C4244: '初期化中': 'int' から 'float' への変換です。データが失われる可能性があります。
  paper.cpp
C:\dxlib\DxLib.h(1,1): warning C4819: ファイルは、現在のコード ページ (932) で表示できない文字を含んでいます。データの損失を防ぐために、ファイルを Unicode 形式で保存してください。
  (ソース ファイル 'paper.cpp' をコンパイルしています)
  
C:\dxlib\DxCompileConfig.h(1,1): warning C4819: ファイルは、現在のコード ページ (932) で表示できない文字を含んでいます。データの損失を防ぐために、ファイルを Unicode 形式で保存してください。
  (ソース ファイル 'paper.cpp' をコンパイルしています)
  
C:\dxlib\DxDataType.h(1,1): warning C4819: ファイルは、現在のコード ページ (932) で表示できない文字を含んでいます。データの損失を防ぐために、ファイルを Unicode 形式で保存してください。
  (ソース ファイル 'paper.cpp' をコンパイルしています)
  
C:\dxlib\DxCompileConfig.h(1,1): warning C4819: ファイルは、現在のコード ページ (932) で表示できない文字を含んでいます。データの損失を防ぐために、ファイルを Unicode 形式で保存してください。
  (ソース ファイル 'paper.cpp' をコンパイルしています)
  
C:\dxlib\DxDataTypeWin.h(1,1): warning C4819: ファイルは、現在のコード ページ (932) で表示できない文字を含んでいます。データの損失を防ぐために、ファイルを Unicode 形式で保存してください。
  (ソース ファイル 'paper.cpp' をコンパイルしています)
  
C:\dxlib\DxCompileConfig.h(1,1): warning C4819: ファイルは、現在のコード ページ (932) で表示できない文字を含んでいます。データの損失を防ぐために、ファイルを Unicode 形式で保存してください。
  (ソース ファイル 'paper.cpp' をコンパイルしています)
  
C:\dxlib\DxDataTypeWin.h(443,1): warning C4819: ファイルは、現在のコード ページ (932) で表示できない文字を含んでいます。データの損失を防ぐために、ファイルを Unicode 形式で保存してください。
  (ソース ファイル 'paper.cpp' をコンパイルしています)
  
C:\dxlib\DxDataTypeWin.h(1089,1): warning C4819: ファイルは、現在のコード ページ (932) で表示できない文字を含んでいます。データの損失を防ぐために、ファイルを Unicode 形式で保存してください。
  (ソース ファイル 'paper.cpp' をコンパイルしています)
  
C:\dxlib\DxLib.h(406,1): warning C4819: ファイルは、現在のコード ページ (932) で表示できない文字を含んでいます。データの損失を防ぐために、ファイルを Unicode 形式で保存してください。
  (ソース ファイル 'paper.cpp' をコンパイルしています)
  
C:\dxlib\DxLib.h(803,1): warning C4819: ファイルは、現在のコード ページ (932) で表示できない文字を含んでいます。データの損失を防ぐために、ファイルを Unicode 形式で保存してください。
  (ソース ファイル 'paper.cpp' をコンパイルしています)
  
C:\dxlib\DxLib.h(1328,1): warning C4819: ファイルは、現在のコード ページ (932) で表示できない文字を含んでいます。データの損失を防ぐために、ファイルを Unicode 形式で保存してください。
  (ソース ファイル 'paper.cpp' をコンパイルしています)
  
C:\dxlib\DxLib.h(1842,1): warning C4819: ファイルは、現在のコード ページ (932) で表示できない文字を含んでいます。データの損失を防ぐために、ファイルを Unicode 形式で保存してください。
  (ソース ファイル 'paper.cpp' をコンパイルしています)
  
C:\dxlib\DxFunctionWin.h(1,1): warning C4819: ファイルは、現在のコード ページ (932) で表示できない文字を含んでいます。データの損失を防ぐために、ファイルを Unicode 形式で保存してください。
  (ソース ファイル 'paper.cpp' をコンパイルしています)
  
C:\dxlib\DxFunctionWin.h(155,1): warning C4819: ファイルは、現在のコード ページ (932) で表示できない文字を含んでいます。データの損失を防ぐために、ファイルを Unicode 形式で保存してください。
  (ソース ファイル 'paper.cpp' をコンパイルしています)
  
C:\dxlib\DxFunctionWin.h(337,1): warning C4819: ファイルは、現在のコード ページ (932) で表示できない文字を含んでいます。データの損失を防ぐために、ファイルを Unicode 形式で保存してください。
  (ソース ファイル 'paper.cpp' をコンパイルしています)
  
C:\dxlib\DxLib.h(2183,1): warning C4819: ファイルは、現在のコード ページ (932) で表示できない文字を含んでいます。データの損失を防ぐために、ファイルを Unicode 形式で保存してください。
  (ソース ファイル 'paper.cpp' をコンパイルしています)
  
C:\dxlib\DxLib.h(2377,1): warning C4819: ファイルは、現在のコード ページ (932) で表示できない文字を含んでいます。データの損失を防ぐために、ファイルを Unicode 形式で保存してください。
  (ソース ファイル 'paper.cpp' をコンパイルしています)
  
C:\dxlib\DxLib.h(2572,1): warning C4819: ファイルは、現在のコード ページ (932) で表示できない文字を含んでいます。データの損失を防ぐために、ファイルを Unicode 形式で保存してください。
  (ソース ファイル 'paper.cpp' をコンパイルしています)
  
C:\dxlib\DxLib.h(2716,1): warning C4819: ファイルは、現在のコード ページ (932) で表示できない文字を含んでいます。データの損失を防ぐために、ファイルを Unicode 形式で保存してください。
  (ソース ファイル 'paper.cpp' をコンパイルしています)
  
C:\dxlib\DxLib.h(2821,1): warning C4819: ファイルは、現在のコード ページ (932) で表示できない文字を含んでいます。データの損失を防ぐために、ファイルを Unicode 形式で保存してください。
  (ソース ファイル 'paper.cpp' をコンパイルしています)
  
C:\dxlib\DxLib.h(2954,1): warning C4819: ファイルは、現在のコード ページ (932) で表示できない文字を含んでいます。データの損失を防ぐために、ファイルを Unicode 形式で保存してください。
  (ソース ファイル 'paper.cpp' をコンパイルしています)
  
C:\dxlib\DxLib.h(3064,1): warning C4819: ファイルは、現在のコード ページ (932) で表示できない文字を含んでいます。データの損失を防ぐために、ファイルを Unicode 形式で保存してください。
  (ソース ファイル 'paper.cpp' をコンパイルしています)
  
C:\dxlib\DxLib.h(3242,1): warning C4819: ファイルは、現在のコード ページ (932) で表示できない文字を含んでいます。データの損失を防ぐために、ファイルを Unicode 形式で保存してください。
  (ソース ファイル 'paper.cpp' をコンパイルしています)
  
C:\dxlib\DxLib.h(3381,1): warning C4819: ファイルは、現在のコード ページ (932) で表示できない文字を含んでいます。データの損失を防ぐために、ファイルを Unicode 形式で保存してください。
  (ソース ファイル 'paper.cpp' をコンパイルしています)
  
C:\dxlib\DxLib.h(3544,1): warning C4819: ファイルは、現在のコード ページ (932) で表示できない文字を含んでいます。データの損失を防ぐために、ファイルを Unicode 形式で保存してください。
  (ソース ファイル 'paper.cpp' をコンパイルしています)
  
C:\dxlib\DxLib.h(3735,1): warning C4819: ファイルは、現在のコード ページ (932) で表示できない文字を含んでいます。データの損失を防ぐために、ファイルを Unicode 形式で保存してください。
  (ソース ファイル 'paper.cpp' をコンパイルしています)
  
C:\dxlib\DxLib.h(3844,1): warning C4819: ファイルは、現在のコード ページ (932) で表示できない文字を含んでいます。データの損失を防ぐために、ファイルを Unicode 形式で保存してください。
  (ソース ファイル 'paper.cpp' をコンパイルしています)
  
C:\dxlib\DxLib.h(3931,1): warning C4819: ファイルは、現在のコード ページ (932) で表示できない文字を含んでいます。データの損失を防ぐために、ファイルを Unicode 形式で保存してください。
  (ソース ファイル 'paper.cpp' をコンパイルしています)
  
C:\dxlib\DxLib.h(4080,1): warning C4819: ファイルは、現在のコード ページ (932) で表示できない文字を含んでいます。データの損失を防ぐために、ファイルを Unicode 形式で保存してください。
  (ソース ファイル 'paper.cpp' をコンパイルしています)
  
C:\dxlib\DxLib.h(4586,1): warning C4819: ファイルは、現在のコード ページ (932) で表示できない文字を含んでいます。データの損失を防ぐために、ファイルを Unicode 形式で保存してください。
  (ソース ファイル 'paper.cpp' をコンパイルしています)
  
C:\dxlib\DxLib.h(4750,1): warning C4819: ファイルは、現在のコード ページ (932) で表示できない文字を含んでいます。データの損失を防ぐために、ファイルを Unicode 形式で保存してください。
  (ソース ファイル 'paper.cpp' をコンパイルしています)
  
C:\dxlib\DxLib.h(4917,1): warning C4819: ファイルは、現在のコード ページ (932) で表示できない文字を含んでいます。データの損失を防ぐために、ファイルを Unicode 形式で保存してください。
  (ソース ファイル 'paper.cpp' をコンパイルしています)
  
C:\dxlib\DxLib.h(5069,1): warning C4819: ファイルは、現在のコード ページ (932) で表示できない文字を含んでいます。データの損失を防ぐために、ファイルを Unicode 形式で保存してください。
  (ソース ファイル 'paper.cpp' をコンパイルしています)
  
C:\dxlib\DxLib.h(5258,1): warning C4819: ファイルは、現在のコード ページ (932) で表示できない文字を含んでいます。データの損失を防ぐために、ファイルを Unicode 形式で保存してください。
  (ソース ファイル 'paper.cpp' をコンパイルしています)
  
C:\dxlib\DxLib.h(5396,1): warning C4819: ファイルは、現在のコード ページ (932) で表示できない文字を含んでいます。データの損失を防ぐために、ファイルを Unicode 形式で保存してください。
  (ソース ファイル 'paper.cpp' をコンパイルしています)
  
C:\dxlib\DxLib.h(5581,1): warning C4819: ファイルは、現在のコード ページ (932) で表示できない文字を含んでいます。データの損失を防ぐために、ファイルを Unicode 形式で保存してください。
  (ソース ファイル 'paper.cpp' をコンパイルしています)
  
C:\Users\GA2A\Desktop\AIGame\AIGames\AIGames\paper.cpp(6,8): error C2664: 'int DxLib::LoadGraph(const TCHAR *,int)': 引数 1 を 'const char [16]' から 'const TCHAR *' へ変換できません。
      C:\Users\GA2A\Desktop\AIGame\AIGames\AIGames\paper.cpp(6,18):
      指示された型は関連がありません。変換には reinterpret_cast、C スタイル キャストまたはかっこで囲まれた関数スタイル キャストが必要です。
      C:\dxlib\DxLib.h(2681,14):
      'DxLib::LoadGraph' の宣言を確認してください
      C:\Users\GA2A\Desktop\AIGame\AIGames\AIGames\paper.cpp(6,8):
      引数リスト '(const char [16])' を一致させようとしているとき
  
C:\Users\GA2A\Desktop\AIGame\AIGames\AIGames\paper.cpp(24,22): warning C4244: '引数': 'float' から 'int' への変換です。データが失われる可能性があります。
C:\Users\GA2A\Desktop\AIGame\AIGames\AIGames\paper.cpp(24,15): warning C4244: '引数': 'float' から 'int' への変換です。データが失われる可能性があります。
  paperUI.cpp
C:\dxlib\DxLib.h(1,1): warning C4819: ファイルは、現在のコード ページ (932) で表示できない文字を含んでいます。データの損失を防ぐために、ファイルを Unicode 形式で保存してください。
  (ソース ファイル 'paperUI.cpp' をコンパイルしています)
  
C:\dxlib\DxCompileConfig.h(1,1): warning C4819: ファイルは、現在のコード ページ (932) で表示できない文字を含んでいます。データの損失を防ぐために、ファイルを Unicode 形式で保存してください。
  (ソース ファイル 'paperUI.cpp' をコンパイルしています)
  
C:\dxlib\DxDataType.h(1,1): warning C4819: ファイルは、現在のコード ページ (932) で表示できない文字を含んでいます。データの損失を防ぐために、ファイルを Unicode 形式で保存してください。
  (ソース ファイル 'paperUI.cpp' をコンパイルしています)
  
C:\dxlib\DxCompileConfig.h(1,1): warning C4819: ファイルは、現在のコード ページ (932) で表示できない文字を含んでいます。データの損失を防ぐために、ファイルを Unicode 形式で保存してください。
  (ソース ファイル 'paperUI.cpp' をコンパイルしています)
  
C:\dxlib\DxDataTypeWin.h(1,1): warning C4819: ファイルは、現在のコード ページ (932) で表示できない文字を含んでいます。データの損失を防ぐために、ファイルを Unicode 形式で保存してください。
  (ソース ファイル 'paperUI.cpp' をコンパイルしています)
  
C:\dxlib\DxCompileConfig.h(1,1): warning C4819: ファイルは、現在のコード ページ (932) で表示できない文字を含んでいます。データの損失を防ぐために、ファイルを Unicode 形式で保存してください。
  (ソース ファイル 'paperUI.cpp' をコンパイルしています)
  
C:\dxlib\DxDataTypeWin.h(443,1): warning C4819: ファイルは、現在のコード ページ (932) で表示できない文字を含んでいます。データの損失を防ぐために、ファイルを Unicode 形式で保存してください。
  (ソース ファイル 'paperUI.cpp' をコンパイルしています)
  
C:\dxlib\DxDataTypeWin.h(1089,1): warning C4819: ファイルは、現在のコード ページ (932) で表示できない文字を含んでいます。データの損失を防ぐために、ファイルを Unicode 形式で保存してください。
  (ソース ファイル 'paperUI.cpp' をコンパイルしています)
  
C:\dxlib\DxLib.h(406,1): warning C4819: ファイルは、現在のコード ページ (932) で表示できない文字を含んでいます。データの損失を防ぐために、ファイルを Unicode 形式で保存してください。
  (ソース ファイル 'paperUI.cpp' をコンパイルしています)
  
C:\dxlib\DxLib.h(803,1): warning C4819: ファイルは、現在のコード ページ (932) で表示できない文字を含んでいます。データの損失を防ぐために、ファイルを Unicode 形式で保存してください。
  (ソース ファイル 'paperUI.cpp' をコンパイルしています)
  
C:\dxlib\DxLib.h(1328,1): warning C4819: ファイルは、現在のコード ページ (932) で表示できない文字を含んでいます。データの損失を防ぐために、ファイルを Unicode 形式で保存してください。
  (ソース ファイル 'paperUI.cpp' をコンパイルしています)
  
C:\dxlib\DxLib.h(1842,1): warning C4819: ファイルは、現在のコード ページ (932) で表示できない文字を含んでいます。データの損失を防ぐために、ファイルを Unicode 形式で保存してください。
  (ソース ファイル 'paperUI.cpp' をコンパイルしています)
  
C:\dxlib\DxFunctionWin.h(1,1): warning C4819: ファイルは、現在のコード ページ (932) で表示できない文字を含んでいます。データの損失を防ぐために、ファイルを Unicode 形式で保存してください。
  (ソース ファイル 'paperUI.cpp' をコンパイルしています)
  
C:\dxlib\DxFunctionWin.h(155,1): warning C4819: ファイルは、現在のコード ページ (932) で表示できない文字を含んでいます。データの損失を防ぐために、ファイルを Unicode 形式で保存してください。
  (ソース ファイル 'paperUI.cpp' をコンパイルしています)
  
C:\dxlib\DxFunctionWin.h(337,1): warning C4819: ファイルは、現在のコード ページ (932) で表示できない文字を含んでいます。データの損失を防ぐために、ファイルを Unicode 形式で保存してください。
  (ソース ファイル 'paperUI.cpp' をコンパイルしています)
  
C:\dxlib\DxLib.h(2183,1): warning C4819: ファイルは、現在のコード ページ (932) で表示できない文字を含んでいます。データの損失を防ぐために、ファイルを Unicode 形式で保存してください。
  (ソース ファイル 'paperUI.cpp' をコンパイルしています)
  
C:\dxlib\DxLib.h(2377,1): warning C4819: ファイルは、現在のコード ページ (932) で表示できない文字を含んでいます。データの損失を防ぐために、ファイルを Unicode 形式で保存してください。
  (ソース ファイル 'paperUI.cpp' をコンパイルしています)
  
C:\dxlib\DxLib.h(2572,1): warning C4819: ファイルは、現在のコード ページ (932) で表示できない文字を含んでいます。データの損失を防ぐために、ファイルを Unicode 形式で保存してください。
  (ソース ファイル 'paperUI.cpp' をコンパイルしています)
  
C:\dxlib\DxLib.h(2716,1): warning C4819: ファイルは、現在のコード ページ (932) で表示できない文字を含んでいます。データの損失を防ぐために、ファイルを Unicode 形式で保存してください。
  (ソース ファイル 'paperUI.cpp' をコンパイルしています)
  
C:\dxlib\DxLib.h(2821,1): warning C4819: ファイルは、現在のコード ページ (932) で表示できない文字を含んでいます。データの損失を防ぐために、ファイルを Unicode 形式で保存してください。
  (ソース ファイル 'paperUI.cpp' をコンパイルしています)
  
C:\dxlib\DxLib.h(2954,1): warning C4819: ファイルは、現在のコード ページ (932) で表示できない文字を含んでいます。データの損失を防ぐために、ファイルを Unicode 形式で保存してください。
  (ソース ファイル 'paperUI.cpp' をコンパイルしています)
  
C:\dxlib\DxLib.h(3064,1): warning C4819: ファイルは、現在のコード ページ (932) で表示できない文字を含んでいます。データの損失を防ぐために、ファイルを Unicode 形式で保存してください。
  (ソース ファイル 'paperUI.cpp' をコンパイルしています)
  
C:\dxlib\DxLib.h(3242,1): warning C4819: ファイルは、現在のコード ページ (932) で表示できない文字を含んでいます。データの損失を防ぐために、ファイルを Unicode 形式で保存してください。
  (ソース ファイル 'paperUI.cpp' をコンパイルしています)
  
C:\dxlib\DxLib.h(3381,1): warning C4819: ファイルは、現在のコード ページ (932) で表示できない文字を含んでいます。データの損失を防ぐために、ファイルを Unicode 形式で保存してください。
  (ソース ファイル 'paperUI.cpp' をコンパイルしています)
  
C:\dxlib\DxLib.h(3544,1): warning C4819: ファイルは、現在のコード ページ (932) で表示できない文字を含んでいます。データの損失を防ぐために、ファイルを Unicode 形式で保存してください。
  (ソース ファイル 'paperUI.cpp' をコンパイルしています)
  
C:\dxlib\DxLib.h(3735,1): warning C4819: ファイルは、現在のコード ページ (932) で表示できない文字を含んでいます。データの損失を防ぐために、ファイルを Unicode 形式で保存してください。
  (ソース ファイル 'paperUI.cpp' をコンパイルしています)
  
C:\dxlib\DxLib.h(3844,1): warning C4819: ファイルは、現在のコード ページ (932) で表示できない文字を含んでいます。データの損失を防ぐために、ファイルを Unicode 形式で保存してください。
  (ソース ファイル 'paperUI.cpp' をコンパイルしています)
  
C:\dxlib\DxLib.h(3931,1): warning C4819: ファイルは、現在のコード ページ (932) で表示できない文字を含んでいます。データの損失を防ぐために、ファイルを Unicode 形式で保存してください。
  (ソース ファイル 'paperUI.cpp' をコンパイルしています)
  
C:\dxlib\DxLib.h(4080,1): warning C4819: ファイルは、現在のコード ページ (932) で表示できない文字を含んでいます。データの損失を防ぐために、ファイルを Unicode 形式で保存してください。
  (ソース ファイル 'paperUI.cpp' をコンパイルしています)
  
C:\dxlib\DxLib.h(4586,1): warning C4819: ファイルは、現在のコード ページ (932) で表示できない文字を含んでいます。データの損失を防ぐために、ファイルを Unicode 形式で保存してください。
  (ソース ファイル 'paperUI.cpp' をコンパイルしています)
  
C:\dxlib\DxLib.h(4750,1): warning C4819: ファイルは、現在のコード ページ (932) で表示できない文字を含んでいます。データの損失を防ぐために、ファイルを Unicode 形式で保存してください。
  (ソース ファイル 'paperUI.cpp' をコンパイルしています)
  
C:\dxlib\DxLib.h(4917,1): warning C4819: ファイルは、現在のコード ページ (932) で表示できない文字を含んでいます。データの損失を防ぐために、ファイルを Unicode 形式で保存してください。
  (ソース ファイル 'paperUI.cpp' をコンパイルしています)
  
C:\dxlib\DxLib.h(5069,1): warning C4819: ファイルは、現在のコード ページ (932) で表示できない文字を含んでいます。データの損失を防ぐために、ファイルを Unicode 形式で保存してください。
  (ソース ファイル 'paperUI.cpp' をコンパイルしています)
  
C:\dxlib\DxLib.h(5258,1): warning C4819: ファイルは、現在のコード ページ (932) で表示できない文字を含んでいます。データの損失を防ぐために、ファイルを Unicode 形式で保存してください。
  (ソース ファイル 'paperUI.cpp' をコンパイルしています)
  
C:\dxlib\DxLib.h(5396,1): warning C4819: ファイルは、現在のコード ページ (932) で表示できない文字を含んでいます。データの損失を防ぐために、ファイルを Unicode 形式で保存してください。
  (ソース ファイル 'paperUI.cpp' をコンパイルしています)
  
C:\dxlib\DxLib.h(5581,1): warning C4819: ファイルは、現在のコード ページ (932) で表示できない文字を含んでいます。データの損失を防ぐために、ファイルを Unicode 形式で保存してください。
  (ソース ファイル 'paperUI.cpp' をコンパイルしています)
  
C:\Users\GA2A\Desktop\AIGame\AIGames\AIGames\paperUI.cpp(9,27): warning C4244: '=': 'int' から 'float' への変換です。データが失われる可能性があります。
C:\Users\GA2A\Desktop\AIGame\AIGames\AIGames\paperUI.cpp(10,28): warning C4244: '=': 'int' から 'float' への変換です。データが失われる可能性があります。
C:\Users\GA2A\Desktop\AIGame\AIGames\AIGames\paperUI.cpp(14,9): error C2664: 'int DxLib::LoadGraph(const TCHAR *,int)': 引数 1 を 'const char [18]' から 'const TCHAR *' へ変換できません。
      C:\Users\GA2A\Desktop\AIGame\AIGames\AIGames\paperUI.cpp(14,19):
      指示された型は関連がありません。変換には reinterpret_cast、C スタイル キャストまたはかっこで囲まれた関数スタイル キャストが必要です。
      C:\dxlib\DxLib.h(2681,14):
      'DxLib::LoadGraph' の宣言を確認してください
      C:\Users\GA2A\Desktop\AIGame\AIGames\AIGames\paperUI.cpp(14,9):
      引数リスト '(const char [18])' を一致させようとしているとき
  
C:\Users\GA2A\Desktop\AIGame\AIGames\AIGames\paperUI.cpp(18,9): error C2664: 'int DxLib::LoadGraph(const TCHAR *,int)': 引数 1 を 'const char [18]' から 'const TCHAR *' へ変換できません。
      C:\Users\GA2A\Desktop\AIGame\AIGames\AIGames\paperUI.cpp(18,19):
      指示された型は関連がありません。変換には reinterpret_cast、C スタイル キャストまたはかっこで囲まれた関数スタイル キャストが必要です。
      C:\dxlib\DxLib.h(2681,14):
      'DxLib::LoadGraph' の宣言を確認してください
      C:\Users\GA2A\Desktop\AIGame\AIGames\AIGames\paperUI.cpp(18,9):
      引数リスト '(const char [18])' を一致させようとしているとき
  
C:\Users\GA2A\Desktop\AIGame\AIGames\AIGames\paperUI.cpp(22,9): error C2664: 'int DxLib::LoadGraph(const TCHAR *,int)': 引数 1 を 'const char [18]' から 'const TCHAR *' へ変換できません。
      C:\Users\GA2A\Desktop\AIGame\AIGames\AIGames\paperUI.cpp(22,19):
      指示された型は関連がありません。変換には reinterpret_cast、C スタイル キャストまたはかっこで囲まれた関数スタイル キャストが必要です。
      C:\dxlib\DxLib.h(2681,14):
      'DxLib::LoadGraph' の宣言を確認してください
      C:\Users\GA2A\Desktop\AIGame\AIGames\AIGames\paperUI.cpp(22,9):
      引数リスト '(const char [18])' を一致させようとしているとき
  
C:\Users\GA2A\Desktop\AIGame\AIGames\AIGames\paperUI.cpp(41,22): warning C4244: '引数': 'float' から 'int' への変換です。データが失われる可能性があります。
C:\Users\GA2A\Desktop\AIGame\AIGames\AIGames\paperUI.cpp(41,15): warning C4244: '引数': 'float' から 'int' への変換です。データが失われる可能性があります。
  player.cpp
C:\dxlib\DxLib.h(1,1): warning C4819: ファイルは、現在のコード ページ (932) で表示できない文字を含んでいます。データの損失を防ぐために、ファイルを Unicode 形式で保存してください。
  (ソース ファイル 'player.cpp' をコンパイルしています)
  
C:\dxlib\DxCompileConfig.h(1,1): warning C4819: ファイルは、現在のコード ページ (932) で表示できない文字を含んでいます。データの損失を防ぐために、ファイルを Unicode 形式で保存してください。
  (ソース ファイル 'player.cpp' をコンパイルしています)
  
C:\dxlib\DxDataType.h(1,1): warning C4819: ファイルは、現在のコード ページ (932) で表示できない文字を含んでいます。データの損失を防ぐために、ファイルを Unicode 形式で保存してください。
  (ソース ファイル 'player.cpp' をコンパイルしています)
  
C:\dxlib\DxCompileConfig.h(1,1): warning C4819: ファイルは、現在のコード ページ (932) で表示できない文字を含んでいます。データの損失を防ぐために、ファイルを Unicode 形式で保存してください。
  (ソース ファイル 'player.cpp' をコンパイルしています)
  
C:\dxlib\DxDataTypeWin.h(1,1): warning C4819: ファイルは、現在のコード ページ (932) で表示できない文字を含んでいます。データの損失を防ぐために、ファイルを Unicode 形式で保存してください。
  (ソース ファイル 'player.cpp' をコンパイルしています)
  
C:\dxlib\DxCompileConfig.h(1,1): warning C4819: ファイルは、現在のコード ページ (932) で表示できない文字を含んでいます。データの損失を防ぐために、ファイルを Unicode 形式で保存してください。
  (ソース ファイル 'player.cpp' をコンパイルしています)
  
C:\dxlib\DxDataTypeWin.h(443,1): warning C4819: ファイルは、現在のコード ページ (932) で表示できない文字を含んでいます。データの損失を防ぐために、ファイルを Unicode 形式で保存してください。
  (ソース ファイル 'player.cpp' をコンパイルしています)
  
C:\dxlib\DxDataTypeWin.h(1089,1): warning C4819: ファイルは、現在のコード ページ (932) で表示できない文字を含んでいます。データの損失を防ぐために、ファイルを Unicode 形式で保存してください。
  (ソース ファイル 'player.cpp' をコンパイルしています)
  
C:\dxlib\DxLib.h(406,1): warning C4819: ファイルは、現在のコード ページ (932) で表示できない文字を含んでいます。データの損失を防ぐために、ファイルを Unicode 形式で保存してください。
  (ソース ファイル 'player.cpp' をコンパイルしています)
  
C:\dxlib\DxLib.h(803,1): warning C4819: ファイルは、現在のコード ページ (932) で表示できない文字を含んでいます。データの損失を防ぐために、ファイルを Unicode 形式で保存してください。
  (ソース ファイル 'player.cpp' をコンパイルしています)
  
C:\dxlib\DxLib.h(1328,1): warning C4819: ファイルは、現在のコード ページ (932) で表示できない文字を含んでいます。データの損失を防ぐために、ファイルを Unicode 形式で保存してください。
  (ソース ファイル 'player.cpp' をコンパイルしています)
  
C:\dxlib\DxLib.h(1842,1): warning C4819: ファイルは、現在のコード ページ (932) で表示できない文字を含んでいます。データの損失を防ぐために、ファイルを Unicode 形式で保存してください。
  (ソース ファイル 'player.cpp' をコンパイルしています)
  
C:\dxlib\DxFunctionWin.h(1,1): warning C4819: ファイルは、現在のコード ページ (932) で表示できない文字を含んでいます。データの損失を防ぐために、ファイルを Unicode 形式で保存してください。
  (ソース ファイル 'player.cpp' をコンパイルしています)
  
C:\dxlib\DxFunctionWin.h(155,1): warning C4819: ファイルは、現在のコード ページ (932) で表示できない文字を含んでいます。データの損失を防ぐために、ファイルを Unicode 形式で保存してください。
  (ソース ファイル 'player.cpp' をコンパイルしています)
  
C:\dxlib\DxFunctionWin.h(337,1): warning C4819: ファイルは、現在のコード ページ (932) で表示できない文字を含んでいます。データの損失を防ぐために、ファイルを Unicode 形式で保存してください。
  (ソース ファイル 'player.cpp' をコンパイルしています)
  
C:\dxlib\DxLib.h(2183,1): warning C4819: ファイルは、現在のコード ページ (932) で表示できない文字を含んでいます。データの損失を防ぐために、ファイルを Unicode 形式で保存してください。
  (ソース ファイル 'player.cpp' をコンパイルしています)
  
C:\dxlib\DxLib.h(2377,1): warning C4819: ファイルは、現在のコード ページ (932) で表示できない文字を含んでいます。データの損失を防ぐために、ファイルを Unicode 形式で保存してください。
  (ソース ファイル 'player.cpp' をコンパイルしています)
  
C:\dxlib\DxLib.h(2572,1): warning C4819: ファイルは、現在のコード ページ (932) で表示できない文字を含んでいます。データの損失を防ぐために、ファイルを Unicode 形式で保存してください。
  (ソース ファイル 'player.cpp' をコンパイルしています)
  
C:\dxlib\DxLib.h(2716,1): warning C4819: ファイルは、現在のコード ページ (932) で表示できない文字を含んでいます。データの損失を防ぐために、ファイルを Unicode 形式で保存してください。
  (ソース ファイル 'player.cpp' をコンパイルしています)
  
C:\dxlib\DxLib.h(2821,1): warning C4819: ファイルは、現在のコード ページ (932) で表示できない文字を含んでいます。データの損失を防ぐために、ファイルを Unicode 形式で保存してください。
  (ソース ファイル 'player.cpp' をコンパイルしています)
  
C:\dxlib\DxLib.h(2954,1): warning C4819: ファイルは、現在のコード ページ (932) で表示できない文字を含んでいます。データの損失を防ぐために、ファイルを Unicode 形式で保存してください。
  (ソース ファイル 'player.cpp' をコンパイルしています)
  
C:\dxlib\DxLib.h(3064,1): warning C4819: ファイルは、現在のコード ページ (932) で表示できない文字を含んでいます。データの損失を防ぐために、ファイルを Unicode 形式で保存してください。
  (ソース ファイル 'player.cpp' をコンパイルしています)
  
C:\dxlib\DxLib.h(3242,1): warning C4819: ファイルは、現在のコード ページ (932) で表示できない文字を含んでいます。データの損失を防ぐために、ファイルを Unicode 形式で保存してください。
  (ソース ファイル 'player.cpp' をコンパイルしています)
  
C:\dxlib\DxLib.h(3381,1): warning C4819: ファイルは、現在のコード ページ (932) で表示できない文字を含んでいます。データの損失を防ぐために、ファイルを Unicode 形式で保存してください。
  (ソース ファイル 'player.cpp' をコンパイルしています)
  
C:\dxlib\DxLib.h(3544,1): warning C4819: ファイルは、現在のコード ページ (932) で表示できない文字を含んでいます。データの損失を防ぐために、ファイルを Unicode 形式で保存してください。
  (ソース ファイル 'player.cpp' をコンパイルしています)
  
C:\dxlib\DxLib.h(3735,1): warning C4819: ファイルは、現在のコード ページ (932) で表示できない文字を含んでいます。データの損失を防ぐために、ファイルを Unicode 形式で保存してください。
  (ソース ファイル 'player.cpp' をコンパイルしています)
  
C:\dxlib\DxLib.h(3844,1): warning C4819: ファイルは、現在のコード ページ (932) で表示できない文字を含んでいます。データの損失を防ぐために、ファイルを Unicode 形式で保存してください。
  (ソース ファイル 'player.cpp' をコンパイルしています)
  
C:\dxlib\DxLib.h(3931,1): warning C4819: ファイルは、現在のコード ページ (932) で表示できない文字を含んでいます。データの損失を防ぐために、ファイルを Unicode 形式で保存してください。
  (ソース ファイル 'player.cpp' をコンパイルしています)
  
C:\dxlib\DxLib.h(4080,1): warning C4819: ファイルは、現在のコード ページ (932) で表示できない文字を含んでいます。データの損失を防ぐために、ファイルを Unicode 形式で保存してください。
  (ソース ファイル 'player.cpp' をコンパイルしています)
  
C:\dxlib\DxLib.h(4586,1): warning C4819: ファイルは、現在のコード ページ (932) で表示できない文字を含んでいます。データの損失を防ぐために、ファイルを Unicode 形式で保存してください。
  (ソース ファイル 'player.cpp' をコンパイルしています)
  
C:\dxlib\DxLib.h(4750,1): warning C4819: ファイルは、現在のコード ページ (932) で表示できない文字を含んでいます。データの損失を防ぐために、ファイルを Unicode 形式で保存してください。
  (ソース ファイル 'player.cpp' をコンパイルしています)
  
C:\dxlib\DxLib.h(4917,1): warning C4819: ファイルは、現在のコード ページ (932) で表示できない文字を含んでいます。データの損失を防ぐために、ファイルを Unicode 形式で保存してください。
  (ソース ファイル 'player.cpp' をコンパイルしています)
  
C:\dxlib\DxLib.h(5069,1): warning C4819: ファイルは、現在のコード ページ (932) で表示できない文字を含んでいます。データの損失を防ぐために、ファイルを Unicode 形式で保存してください。
  (ソース ファイル 'player.cpp' をコンパイルしています)
  
C:\dxlib\DxLib.h(5258,1): warning C4819: ファイルは、現在のコード ページ (932) で表示できない文字を含んでいます。データの損失を防ぐために、ファイルを Unicode 形式で保存してください。
  (ソース ファイル 'player.cpp' をコンパイルしています)
  
C:\dxlib\DxLib.h(5396,1): warning C4819: ファイルは、現在のコード ページ (932) で表示できない文字を含んでいます。データの損失を防ぐために、ファイルを Unicode 形式で保存してください。
  (ソース ファイル 'player.cpp' をコンパイルしています)
  
C:\dxlib\DxLib.h(5581,1): warning C4819: ファイルは、現在のコード ページ (932) で表示できない文字を含んでいます。データの損失を防ぐために、ファイルを Unicode 形式で保存してください。
  (ソース ファイル 'player.cpp' をコンパイルしています)
  
C:\Users\GA2A\Desktop\AIGame\AIGames\AIGames\player.cpp(7,11): warning C4244: '初期化中': 'float' から 'int' への変換です。データが失われる可能性があります。
C:\Users\GA2A\Desktop\AIGame\AIGames\AIGames\player.cpp(14,27): warning C4244: '=': 'int' から 'float' への変換です。データが失われる可能性があります。
C:\Users\GA2A\Desktop\AIGame\AIGames\AIGames\player.cpp(15,28): warning C4244: '=': 'int' から 'float' への変換です。データが失われる可能性があります。
C:\Users\GA2A\Desktop\AIGame\AIGames\AIGames\player.cpp(17,8): error C2664: 'int DxLib::LoadGraph(const TCHAR *,int)': 引数 1 を 'const char [17]' から 'const TCHAR *' へ変換できません。
      C:\Users\GA2A\Desktop\AIGame\AIGames\AIGames\player.cpp(17,18):
      指示された型は関連がありません。変換には reinterpret_cast、C スタイル キャストまたはかっこで囲まれた関数スタイル キャストが必要です。
      C:\dxlib\DxLib.h(2681,14):
      'DxLib::LoadGraph' の宣言を確認してください
      C:\Users\GA2A\Desktop\AIGame\AIGames\AIGames\player.cpp(17,8):
      引数リスト '(const char [17])' を一致させようとしているとき
  
C:\Users\GA2A\Desktop\AIGame\AIGames\AIGames\player.cpp(28,8): error C2664: 'int DxLib::LoadGraph(const TCHAR *,int)': 引数 1 を 'const char [17]' から 'const TCHAR *' へ変換できません。
      C:\Users\GA2A\Desktop\AIGame\AIGames\AIGames\player.cpp(28,18):
      指示された型は関連がありません。変換には reinterpret_cast、C スタイル キャストまたはかっこで囲まれた関数スタイル キャストが必要です。
      C:\dxlib\DxLib.h(2681,14):
      'DxLib::LoadGraph' の宣言を確認してください
      C:\Users\GA2A\Desktop\AIGame\AIGames\AIGames\player.cpp(28,8):
      引数リスト '(const char [17])' を一致させようとしているとき
  
C:\Users\GA2A\Desktop\AIGame\AIGames\AIGames\player.cpp(41,40): warning C4244: '=': 'int' から 'float' への変換です。データが失われる可能性があります。
C:\Users\GA2A\Desktop\AIGame\AIGames\AIGames\player.cpp(42,40): warning C4244: '=': 'int' から 'float' への変換です。データが失われる可能性があります。
C:\Users\GA2A\Desktop\AIGame\AIGames\AIGames\player.cpp(43,40): warning C4244: '=': 'int' から 'float' への変換です。データが失われる可能性があります。
C:\Users\GA2A\Desktop\AIGame\AIGames\AIGames\player.cpp(44,40): warning C4244: '=': 'int' から 'float' への変換です。データが失われる可能性があります。
C:\Users\GA2A\Desktop\AIGame\AIGames\AIGames\player.cpp(65,27): warning C4244: '=': 'int' から 'float' への変換です。データが失われる可能性があります。
C:\Users\GA2A\Desktop\AIGame\AIGames\AIGames\player.cpp(71,14): warning C4244: '=': 'int' から 'float' への変換です。データが失われる可能性があります。
C:\Users\GA2A\Desktop\AIGame\AIGames\AIGames\player.cpp(86,44): warning C4244: '=': 'int' から 'float' への変換です。データが失われる可能性があります。
C:\Users\GA2A\Desktop\AIGame\AIGames\AIGames\player.cpp(87,48): warning C4244: '=': 'int' から 'float' への変換です。データが失われる可能性があります。
C:\Users\GA2A\Desktop\AIGame\AIGames\AIGames\player.cpp(105,44): warning C4244: '=': 'int' から 'float' への変換です。データが失われる可能性があります。
C:\Users\GA2A\Desktop\AIGame\AIGames\AIGames\player.cpp(106,48): warning C4244: '=': 'int' から 'float' への変換です。データが失われる可能性があります。
C:\Users\GA2A\Desktop\AIGame\AIGames\AIGames\player.cpp(231,59): warning C4244: '=': 'int' から 'float' への変換です。データが失われる可能性があります。
C:\Users\GA2A\Desktop\AIGame\AIGames\AIGames\player.cpp(235,25): warning C4244: '=': 'int' から 'float' への変換です。データが失われる可能性があります。
C:\Users\GA2A\Desktop\AIGame\AIGames\AIGames\player.cpp(244,22): warning C4244: '引数': 'float' から 'int' への変換です。データが失われる可能性があります。
C:\Users\GA2A\Desktop\AIGame\AIGames\AIGames\player.cpp(244,15): warning C4244: '引数': 'float' から 'int' への変換です。データが失われる可能性があります。
  title.cpp
C:\dxlib\DxLib.h(1,1): warning C4819: ファイルは、現在のコード ページ (932) で表示できない文字を含んでいます。データの損失を防ぐために、ファイルを Unicode 形式で保存してください。
  (ソース ファイル 'title.cpp' をコンパイルしています)
  
C:\dxlib\DxCompileConfig.h(1,1): warning C4819: ファイルは、現在のコード ページ (932) で表示できない文字を含んでいます。データの損失を防ぐために、ファイルを Unicode 形式で保存してください。
  (ソース ファイル 'title.cpp' をコンパイルしています)
  
C:\dxlib\DxDataType.h(1,1): warning C4819: ファイルは、現在のコード ページ (932) で表示できない文字を含んでいます。データの損失を防ぐために、ファイルを Unicode 形式で保存してください。
  (ソース ファイル 'title.cpp' をコンパイルしています)
  
C:\dxlib\DxCompileConfig.h(1,1): warning C4819: ファイルは、現在のコード ページ (932) で表示できない文字を含んでいます。データの損失を防ぐために、ファイルを Unicode 形式で保存してください。
  (ソース ファイル 'title.cpp' をコンパイルしています)
  
C:\dxlib\DxDataTypeWin.h(1,1): warning C4819: ファイルは、現在のコード ページ (932) で表示できない文字を含んでいます。データの損失を防ぐために、ファイルを Unicode 形式で保存してください。
  (ソース ファイル 'title.cpp' をコンパイルしています)
  
C:\dxlib\DxCompileConfig.h(1,1): warning C4819: ファイルは、現在のコード ページ (932) で表示できない文字を含んでいます。データの損失を防ぐために、ファイルを Unicode 形式で保存してください。
  (ソース ファイル 'title.cpp' をコンパイルしています)
  
C:\dxlib\DxDataTypeWin.h(443,1): warning C4819: ファイルは、現在のコード ページ (932) で表示できない文字を含んでいます。データの損失を防ぐために、ファイルを Unicode 形式で保存してください。
  (ソース ファイル 'title.cpp' をコンパイルしています)
  
C:\dxlib\DxDataTypeWin.h(1089,1): warning C4819: ファイルは、現在のコード ページ (932) で表示できない文字を含んでいます。データの損失を防ぐために、ファイルを Unicode 形式で保存してください。
  (ソース ファイル 'title.cpp' をコンパイルしています)
  
C:\dxlib\DxLib.h(406,1): warning C4819: ファイルは、現在のコード ページ (932) で表示できない文字を含んでいます。データの損失を防ぐために、ファイルを Unicode 形式で保存してください。
  (ソース ファイル 'title.cpp' をコンパイルしています)
  
C:\dxlib\DxLib.h(803,1): warning C4819: ファイルは、現在のコード ページ (932) で表示できない文字を含んでいます。データの損失を防ぐために、ファイルを Unicode 形式で保存してください。
  (ソース ファイル 'title.cpp' をコンパイルしています)
  
C:\dxlib\DxLib.h(1328,1): warning C4819: ファイルは、現在のコード ページ (932) で表示できない文字を含んでいます。データの損失を防ぐために、ファイルを Unicode 形式で保存してください。
  (ソース ファイル 'title.cpp' をコンパイルしています)
  
C:\dxlib\DxLib.h(1842,1): warning C4819: ファイルは、現在のコード ページ (932) で表示できない文字を含んでいます。データの損失を防ぐために、ファイルを Unicode 形式で保存してください。
  (ソース ファイル 'title.cpp' をコンパイルしています)
  
C:\dxlib\DxFunctionWin.h(1,1): warning C4819: ファイルは、現在のコード ページ (932) で表示できない文字を含んでいます。データの損失を防ぐために、ファイルを Unicode 形式で保存してください。
  (ソース ファイル 'title.cpp' をコンパイルしています)
  
C:\dxlib\DxFunctionWin.h(155,1): warning C4819: ファイルは、現在のコード ページ (932) で表示できない文字を含んでいます。データの損失を防ぐために、ファイルを Unicode 形式で保存してください。
  (ソース ファイル 'title.cpp' をコンパイルしています)
  
C:\dxlib\DxFunctionWin.h(337,1): warning C4819: ファイルは、現在のコード ページ (932) で表示できない文字を含んでいます。データの損失を防ぐために、ファイルを Unicode 形式で保存してください。
  (ソース ファイル 'title.cpp' をコンパイルしています)
  
C:\dxlib\DxLib.h(2183,1): warning C4819: ファイルは、現在のコード ページ (932) で表示できない文字を含んでいます。データの損失を防ぐために、ファイルを Unicode 形式で保存してください。
  (ソース ファイル 'title.cpp' をコンパイルしています)
  
C:\dxlib\DxLib.h(2377,1): warning C4819: ファイルは、現在のコード ページ (932) で表示できない文字を含んでいます。データの損失を防ぐために、ファイルを Unicode 形式で保存してください。
  (ソース ファイル 'title.cpp' をコンパイルしています)
  
C:\dxlib\DxLib.h(2572,1): warning C4819: ファイルは、現在のコード ページ (932) で表示できない文字を含んでいます。データの損失を防ぐために、ファイルを Unicode 形式で保存してください。
  (ソース ファイル 'title.cpp' をコンパイルしています)
  
C:\dxlib\DxLib.h(2716,1): warning C4819: ファイルは、現在のコード ページ (932) で表示できない文字を含んでいます。データの損失を防ぐために、ファイルを Unicode 形式で保存してください。
  (ソース ファイル 'title.cpp' をコンパイルしています)
  
C:\dxlib\DxLib.h(2821,1): warning C4819: ファイルは、現在のコード ページ (932) で表示できない文字を含んでいます。データの損失を防ぐために、ファイルを Unicode 形式で保存してください。
  (ソース ファイル 'title.cpp' をコンパイルしています)
  
C:\dxlib\DxLib.h(2954,1): warning C4819: ファイルは、現在のコード ページ (932) で表示できない文字を含んでいます。データの損失を防ぐために、ファイルを Unicode 形式で保存してください。
  (ソース ファイル 'title.cpp' をコンパイルしています)
  
C:\dxlib\DxLib.h(3064,1): warning C4819: ファイルは、現在のコード ページ (932) で表示できない文字を含んでいます。データの損失を防ぐために、ファイルを Unicode 形式で保存してください。
  (ソース ファイル 'title.cpp' をコンパイルしています)
  
C:\dxlib\DxLib.h(3242,1): warning C4819: ファイルは、現在のコード ページ (932) で表示できない文字を含んでいます。データの損失を防ぐために、ファイルを Unicode 形式で保存してください。
  (ソース ファイル 'title.cpp' をコンパイルしています)
  
C:\dxlib\DxLib.h(3381,1): warning C4819: ファイルは、現在のコード ページ (932) で表示できない文字を含んでいます。データの損失を防ぐために、ファイルを Unicode 形式で保存してください。
  (ソース ファイル 'title.cpp' をコンパイルしています)
  
C:\dxlib\DxLib.h(3544,1): warning C4819: ファイルは、現在のコード ページ (932) で表示できない文字を含んでいます。データの損失を防ぐために、ファイルを Unicode 形式で保存してください。
  (ソース ファイル 'title.cpp' をコンパイルしています)
  
C:\dxlib\DxLib.h(3735,1): warning C4819: ファイルは、現在のコード ページ (932) で表示できない文字を含んでいます。データの損失を防ぐために、ファイルを Unicode 形式で保存してください。
  (ソース ファイル 'title.cpp' をコンパイルしています)
  
C:\dxlib\DxLib.h(3844,1): warning C4819: ファイルは、現在のコード ページ (932) で表示できない文字を含んでいます。データの損失を防ぐために、ファイルを Unicode 形式で保存してください。
  (ソース ファイル 'title.cpp' をコンパイルしています)
  
C:\dxlib\DxLib.h(3931,1): warning C4819: ファイルは、現在のコード ページ (932) で表示できない文字を含んでいます。データの損失を防ぐために、ファイルを Unicode 形式で保存してください。
  (ソース ファイル 'title.cpp' をコンパイルしています)
  
C:\dxlib\DxLib.h(4080,1): warning C4819: ファイルは、現在のコード ページ (932) で表示できない文字を含んでいます。データの損失を防ぐために、ファイルを Unicode 形式で保存してください。
  (ソース ファイル 'title.cpp' をコンパイルしています)
  
C:\dxlib\DxLib.h(4586,1): warning C4819: ファイルは、現在のコード ページ (932) で表示できない文字を含んでいます。データの損失を防ぐために、ファイルを Unicode 形式で保存してください。
  (ソース ファイル 'title.cpp' をコンパイルしています)
  
C:\dxlib\DxLib.h(4750,1): warning C4819: ファイルは、現在のコード ページ (932) で表示できない文字を含んでいます。データの損失を防ぐために、ファイルを Unicode 形式で保存してください。
  (ソース ファイル 'title.cpp' をコンパイルしています)
  
C:\dxlib\DxLib.h(4917,1): warning C4819: ファイルは、現在のコード ページ (932) で表示できない文字を含んでいます。データの損失を防ぐために、ファイルを Unicode 形式で保存してください。
  (ソース ファイル 'title.cpp' をコンパイルしています)
  
C:\dxlib\DxLib.h(5069,1): warning C4819: ファイルは、現在のコード ページ (932) で表示できない文字を含んでいます。データの損失を防ぐために、ファイルを Unicode 形式で保存してください。
  (ソース ファイル 'title.cpp' をコンパイルしています)
  
C:\dxlib\DxLib.h(5258,1): warning C4819: ファイルは、現在のコード ページ (932) で表示できない文字を含んでいます。データの損失を防ぐために、ファイルを Unicode 形式で保存してください。
  (ソース ファイル 'title.cpp' をコンパイルしています)
  
C:\dxlib\DxLib.h(5396,1): warning C4819: ファイルは、現在のコード ページ (932) で表示できない文字を含んでいます。データの損失を防ぐために、ファイルを Unicode 形式で保存してください。
  (ソース ファイル 'title.cpp' をコンパイルしています)
  
C:\dxlib\DxLib.h(5581,1): warning C4819: ファイルは、現在のコード ページ (932) で表示できない文字を含んでいます。データの損失を防ぐために、ファイルを Unicode 形式で保存してください。
  (ソース ファイル 'title.cpp' をコンパイルしています)
  
C:\Users\GA2A\Desktop\AIGame\AIGames\AIGames\title.cpp(27,2): error C2664: 'int DxLib::DrawString(int,int,const TCHAR *,unsigned int,unsigned int)': 引数 3 を 'const char [14]' から 'const TCHAR *' へ変換できません。
      C:\Users\GA2A\Desktop\AIGame\AIGames\AIGames\title.cpp(27,50):
      指示された型は関連がありません。変換には reinterpret_cast、C スタイル キャストまたはかっこで囲まれた関数スタイル キャストが必要です。
      C:\dxlib\DxLib.h(3814,14):
      'DxLib::DrawString' の宣言を確認してください
      C:\Users\GA2A\Desktop\AIGame\AIGames\AIGames\title.cpp(27,2):
      引数リスト '(int, int, const char [14], unsigned int)' を一致させようとしているとき
  
